
*** Running vivado
    with args -log design_1_conv_out_0.vds -m64 -product Vivado -mode batch -messageDb vivado.pb -notrace -source design_1_conv_out_0.tcl



****** Vivado v2025.2 (64-bit)
  **** SW Build 6299465 on Fri Nov 14 19:35:11 GMT 2025
  **** IP Build 6300035 on Fri Nov 14 10:48:45 MST 2025
  **** SharedData Build 6298862 on Thu Nov 13 04:50:51 MST 2025
  **** Start of session at: Tue Feb 17 15:08:38 2026
    ** Copyright 1986-2022 Xilinx, Inc. All Rights Reserved.
    ** Copyright 2022-2025 Advanced Micro Devices, Inc. All Rights Reserved.

source design_1_conv_out_0.tcl -notrace
create_project: Time (s): cpu = 00:00:10 ; elapsed = 00:00:07 . Memory (MB): peak = 602.863 ; gain = 219.246
INFO: [IP_Flow 19-234] Refreshing IP repositories
INFO: [IP_Flow 19-1700] Loaded user IP repository 'd:/yolov5s_conv/export'.
INFO: [IP_Flow 19-2313] Loaded Vivado IP repository 'D:/Vivado/2025.2/Vivado/data/ip'.
Command: synth_design -top design_1_conv_out_0 -part xc7z020clg400-1 -incremental_mode off -mode out_of_context
Starting synth_design
Attempting to get a license for feature 'Synthesis' and/or device 'xc7z020'
INFO: [Common 17-349] Got license for feature 'Synthesis' and/or device 'xc7z020'
INFO: [Device 21-403] Loading part xc7z020clg400-1
INFO: [Synth 8-7079] Multithreading enabled for synth_design using a maximum of 2 processes.
INFO: [Synth 8-7078] Launching helper process for spawning children vivado processes
INFO: [Synth 8-7075] Helper process launched with PID 23960
---------------------------------------------------------------------------------
Starting RTL Elaboration : Time (s): cpu = 00:00:05 ; elapsed = 00:00:06 . Memory (MB): peak = 1385.379 ; gain = 539.266
---------------------------------------------------------------------------------
INFO: [Synth 8-6157] synthesizing module 'design_1_conv_out_0' [d:/yolov5s_conv/yolov5s_conv.gen/sources_1/bd/design_1/ip/design_1_conv_out_0/synth/design_1_conv_out_0.v:53]
INFO: [Synth 8-6157] synthesizing module 'axis_dwidth_converter_v1_1_34_axis_dwidth_converter' [d:/yolov5s_conv/yolov5s_conv.gen/sources_1/bd/design_1/ipshared/80a6/hdl/axis_dwidth_converter_v1_1_vl_rfs.v:814]
INFO: [Synth 8-6157] synthesizing module 'axis_dwidth_converter_v1_1_34_axisc_upsizer' [d:/yolov5s_conv/yolov5s_conv.gen/sources_1/bd/design_1/ipshared/80a6/hdl/axis_dwidth_converter_v1_1_vl_rfs.v:434]
INFO: [Synth 8-6155] done synthesizing module 'axis_dwidth_converter_v1_1_34_axisc_upsizer' (0#1) [d:/yolov5s_conv/yolov5s_conv.gen/sources_1/bd/design_1/ipshared/80a6/hdl/axis_dwidth_converter_v1_1_vl_rfs.v:434]
INFO: [Synth 8-6157] synthesizing module 'axis_register_slice_v1_1_35_axis_register_slice' [d:/yolov5s_conv/yolov5s_conv.gen/sources_1/bd/design_1/ipshared/be12/hdl/axis_register_slice_v1_1_vl_rfs.v:2830]
INFO: [Synth 8-6157] synthesizing module 'axis_infrastructure_v1_1_1_util_axis2vector' [d:/yolov5s_conv/yolov5s_conv.gen/sources_1/bd/design_1/ipshared/434f/hdl/axis_infrastructure_v1_1_vl_rfs.v:805]
INFO: [Synth 8-6155] done synthesizing module 'axis_infrastructure_v1_1_1_util_axis2vector' (0#1) [d:/yolov5s_conv/yolov5s_conv.gen/sources_1/bd/design_1/ipshared/434f/hdl/axis_infrastructure_v1_1_vl_rfs.v:805]
INFO: [Synth 8-6157] synthesizing module 'axis_register_slice_v1_1_35_axisc_register_slice' [d:/yolov5s_conv/yolov5s_conv.gen/sources_1/bd/design_1/ipshared/be12/hdl/axis_register_slice_v1_1_vl_rfs.v:1929]
INFO: [Synth 8-6155] done synthesizing module 'axis_register_slice_v1_1_35_axisc_register_slice' (0#1) [d:/yolov5s_conv/yolov5s_conv.gen/sources_1/bd/design_1/ipshared/be12/hdl/axis_register_slice_v1_1_vl_rfs.v:1929]
INFO: [Synth 8-6157] synthesizing module 'axis_infrastructure_v1_1_1_util_vector2axis' [d:/yolov5s_conv/yolov5s_conv.gen/sources_1/bd/design_1/ipshared/434f/hdl/axis_infrastructure_v1_1_vl_rfs.v:986]
INFO: [Synth 8-6155] done synthesizing module 'axis_infrastructure_v1_1_1_util_vector2axis' (0#1) [d:/yolov5s_conv/yolov5s_conv.gen/sources_1/bd/design_1/ipshared/434f/hdl/axis_infrastructure_v1_1_vl_rfs.v:986]
INFO: [Synth 8-6155] done synthesizing module 'axis_register_slice_v1_1_35_axis_register_slice' (0#1) [d:/yolov5s_conv/yolov5s_conv.gen/sources_1/bd/design_1/ipshared/be12/hdl/axis_register_slice_v1_1_vl_rfs.v:2830]
INFO: [Synth 8-6157] synthesizing module 'axis_register_slice_v1_1_35_axis_register_slice__parameterized0' [d:/yolov5s_conv/yolov5s_conv.gen/sources_1/bd/design_1/ipshared/be12/hdl/axis_register_slice_v1_1_vl_rfs.v:2830]
INFO: [Synth 8-6157] synthesizing module 'axis_infrastructure_v1_1_1_util_axis2vector__parameterized0' [d:/yolov5s_conv/yolov5s_conv.gen/sources_1/bd/design_1/ipshared/434f/hdl/axis_infrastructure_v1_1_vl_rfs.v:805]
INFO: [Synth 8-6155] done synthesizing module 'axis_infrastructure_v1_1_1_util_axis2vector__parameterized0' (0#1) [d:/yolov5s_conv/yolov5s_conv.gen/sources_1/bd/design_1/ipshared/434f/hdl/axis_infrastructure_v1_1_vl_rfs.v:805]
INFO: [Synth 8-6157] synthesizing module 'axis_register_slice_v1_1_35_axisc_register_slice__parameterized0' [d:/yolov5s_conv/yolov5s_conv.gen/sources_1/bd/design_1/ipshared/be12/hdl/axis_register_slice_v1_1_vl_rfs.v:1929]
INFO: [Synth 8-6155] done synthesizing module 'axis_register_slice_v1_1_35_axisc_register_slice__parameterized0' (0#1) [d:/yolov5s_conv/yolov5s_conv.gen/sources_1/bd/design_1/ipshared/be12/hdl/axis_register_slice_v1_1_vl_rfs.v:1929]
INFO: [Synth 8-6157] synthesizing module 'axis_infrastructure_v1_1_1_util_vector2axis__parameterized0' [d:/yolov5s_conv/yolov5s_conv.gen/sources_1/bd/design_1/ipshared/434f/hdl/axis_infrastructure_v1_1_vl_rfs.v:986]
INFO: [Synth 8-6155] done synthesizing module 'axis_infrastructure_v1_1_1_util_vector2axis__parameterized0' (0#1) [d:/yolov5s_conv/yolov5s_conv.gen/sources_1/bd/design_1/ipshared/434f/hdl/axis_infrastructure_v1_1_vl_rfs.v:986]
INFO: [Synth 8-6155] done synthesizing module 'axis_register_slice_v1_1_35_axis_register_slice__parameterized0' (0#1) [d:/yolov5s_conv/yolov5s_conv.gen/sources_1/bd/design_1/ipshared/be12/hdl/axis_register_slice_v1_1_vl_rfs.v:2830]
INFO: [Synth 8-6155] done synthesizing module 'axis_dwidth_converter_v1_1_34_axis_dwidth_converter' (0#1) [d:/yolov5s_conv/yolov5s_conv.gen/sources_1/bd/design_1/ipshared/80a6/hdl/axis_dwidth_converter_v1_1_vl_rfs.v:814]
INFO: [Synth 8-6155] done synthesizing module 'design_1_conv_out_0' (0#1) [d:/yolov5s_conv/yolov5s_conv.gen/sources_1/bd/design_1/ip/design_1_conv_out_0/synth/design_1_conv_out_0.v:53]
INFO: [Synth 8-4490] FSM extraction disabled for register 'state_reg' through user attribute
INFO: [Synth 8-7129] Port ACLK in module axis_register_slice_v1_1_35_axisc_register_slice__parameterized0 is either unconnected or has no load
INFO: [Synth 8-7129] Port ACLK2X in module axis_register_slice_v1_1_35_axisc_register_slice__parameterized0 is either unconnected or has no load
INFO: [Synth 8-7129] Port ARESET in module axis_register_slice_v1_1_35_axisc_register_slice__parameterized0 is either unconnected or has no load
INFO: [Synth 8-7129] Port ACLKEN in module axis_register_slice_v1_1_35_axisc_register_slice__parameterized0 is either unconnected or has no load
INFO: [Synth 8-7129] Port TSTRB[3] in module axis_infrastructure_v1_1_1_util_axis2vector__parameterized0 is either unconnected or has no load
INFO: [Synth 8-7129] Port TSTRB[2] in module axis_infrastructure_v1_1_1_util_axis2vector__parameterized0 is either unconnected or has no load
INFO: [Synth 8-7129] Port TSTRB[1] in module axis_infrastructure_v1_1_1_util_axis2vector__parameterized0 is either unconnected or has no load
INFO: [Synth 8-7129] Port TSTRB[0] in module axis_infrastructure_v1_1_1_util_axis2vector__parameterized0 is either unconnected or has no load
INFO: [Synth 8-7129] Port TID[0] in module axis_infrastructure_v1_1_1_util_axis2vector__parameterized0 is either unconnected or has no load
INFO: [Synth 8-7129] Port TDEST[0] in module axis_infrastructure_v1_1_1_util_axis2vector__parameterized0 is either unconnected or has no load
INFO: [Synth 8-7129] Port TUSER[3] in module axis_infrastructure_v1_1_1_util_axis2vector__parameterized0 is either unconnected or has no load
INFO: [Synth 8-7129] Port TUSER[2] in module axis_infrastructure_v1_1_1_util_axis2vector__parameterized0 is either unconnected or has no load
INFO: [Synth 8-7129] Port TUSER[1] in module axis_infrastructure_v1_1_1_util_axis2vector__parameterized0 is either unconnected or has no load
INFO: [Synth 8-7129] Port TUSER[0] in module axis_infrastructure_v1_1_1_util_axis2vector__parameterized0 is either unconnected or has no load
INFO: [Synth 8-7129] Port ACLK in module axis_register_slice_v1_1_35_axisc_register_slice is either unconnected or has no load
INFO: [Synth 8-7129] Port ACLK2X in module axis_register_slice_v1_1_35_axisc_register_slice is either unconnected or has no load
INFO: [Synth 8-7129] Port ARESET in module axis_register_slice_v1_1_35_axisc_register_slice is either unconnected or has no load
INFO: [Synth 8-7129] Port ACLKEN in module axis_register_slice_v1_1_35_axisc_register_slice is either unconnected or has no load
INFO: [Synth 8-7129] Port TSTRB[1] in module axis_infrastructure_v1_1_1_util_axis2vector is either unconnected or has no load
INFO: [Synth 8-7129] Port TSTRB[0] in module axis_infrastructure_v1_1_1_util_axis2vector is either unconnected or has no load
INFO: [Synth 8-7129] Port TID[0] in module axis_infrastructure_v1_1_1_util_axis2vector is either unconnected or has no load
INFO: [Synth 8-7129] Port TDEST[0] in module axis_infrastructure_v1_1_1_util_axis2vector is either unconnected or has no load
INFO: [Synth 8-7129] Port TUSER[1] in module axis_infrastructure_v1_1_1_util_axis2vector is either unconnected or has no load
INFO: [Synth 8-7129] Port TUSER[0] in module axis_infrastructure_v1_1_1_util_axis2vector is either unconnected or has no load
INFO: [Synth 8-7129] Port s_axis_tuser[0] in module axis_dwidth_converter_v1_1_34_axis_dwidth_converter is either unconnected or has no load
---------------------------------------------------------------------------------
Finished RTL Elaboration : Time (s): cpu = 00:00:07 ; elapsed = 00:00:08 . Memory (MB): peak = 1513.938 ; gain = 667.824
---------------------------------------------------------------------------------
---------------------------------------------------------------------------------
Start Handling Custom Attributes
---------------------------------------------------------------------------------
---------------------------------------------------------------------------------
Finished Handling Custom Attributes : Time (s): cpu = 00:00:07 ; elapsed = 00:00:08 . Memory (MB): peak = 1513.938 ; gain = 667.824
---------------------------------------------------------------------------------
---------------------------------------------------------------------------------
Finished RTL Optimization Phase 1 : Time (s): cpu = 00:00:07 ; elapsed = 00:00:08 . Memory (MB): peak = 1513.938 ; gain = 667.824
---------------------------------------------------------------------------------
Netlist sorting complete. Time (s): cpu = 00:00:00 ; elapsed = 00:00:00.010 . Memory (MB): peak = 1513.938 ; gain = 0.000
INFO: [Project 1-570] Preparing netlist for logic optimization

Processing XDC Constraints
Initializing timing engine
Parsing XDC File [d:/yolov5s_conv/yolov5s_conv.gen/sources_1/bd/design_1/ip/design_1_conv_out_0/design_1_conv_out_0_ooc.xdc] for cell 'inst'
Finished Parsing XDC File [d:/yolov5s_conv/yolov5s_conv.gen/sources_1/bd/design_1/ip/design_1_conv_out_0/design_1_conv_out_0_ooc.xdc] for cell 'inst'
Parsing XDC File [D:/yolov5s_conv/yolov5s_conv.runs/design_1_conv_out_0_synth_1/dont_touch.xdc]
Finished Parsing XDC File [D:/yolov5s_conv/yolov5s_conv.runs/design_1_conv_out_0_synth_1/dont_touch.xdc]
Completed Processing XDC Constraints

Netlist sorting complete. Time (s): cpu = 00:00:00 ; elapsed = 00:00:00.001 . Memory (MB): peak = 1579.793 ; gain = 0.000
INFO: [Project 1-111] Unisim Transformation Summary:
No Unisim elements were transformed.

Constraint Validation Runtime : Time (s): cpu = 00:00:00 ; elapsed = 00:00:00.036 . Memory (MB): peak = 1579.793 ; gain = 0.000
INFO: [Designutils 20-5008] Incremental synthesis strategy off
---------------------------------------------------------------------------------
Finished Constraint Validation : Time (s): cpu = 00:00:15 ; elapsed = 00:00:17 . Memory (MB): peak = 1579.793 ; gain = 733.680
---------------------------------------------------------------------------------
---------------------------------------------------------------------------------
Start Loading Part and Timing Information
---------------------------------------------------------------------------------
Loading part: xc7z020clg400-1
---------------------------------------------------------------------------------
Finished Loading Part and Timing Information : Time (s): cpu = 00:00:15 ; elapsed = 00:00:17 . Memory (MB): peak = 1579.793 ; gain = 733.680
---------------------------------------------------------------------------------
---------------------------------------------------------------------------------
Start Applying 'set_property' XDC Constraints
---------------------------------------------------------------------------------
---------------------------------------------------------------------------------
Finished applying 'set_property' XDC Constraints : Time (s): cpu = 00:00:15 ; elapsed = 00:00:17 . Memory (MB): peak = 1579.793 ; gain = 733.680
---------------------------------------------------------------------------------
INFO: [Synth 8-4490] FSM extraction disabled for register 'state_reg' through user attribute
INFO: [Synth 8-4490] FSM extraction disabled for register 'state_reg' through user attribute
---------------------------------------------------------------------------------
Finished RTL Optimization Phase 2 : Time (s): cpu = 00:00:15 ; elapsed = 00:00:17 . Memory (MB): peak = 1579.793 ; gain = 733.680
---------------------------------------------------------------------------------
---------------------------------------------------------------------------------
Start RTL Component Statistics 
---------------------------------------------------------------------------------
Detailed RTL Component Info : 
+---Registers : 
	               16 Bit    Registers := 3     
	                3 Bit    Registers := 1     
	                2 Bit    Registers := 10    
	                1 Bit    Registers := 9     
+---Muxes : 
	   3 Input    3 Bit        Muxes := 2     
	   2 Input    3 Bit        Muxes := 3     
	   2 Input    2 Bit        Muxes := 5     
	   2 Input    1 Bit        Muxes := 3     
---------------------------------------------------------------------------------
Finished RTL Component Statistics 
---------------------------------------------------------------------------------
---------------------------------------------------------------------------------
Start Part Resource Summary
---------------------------------------------------------------------------------
Part Resources:
DSPs: 220 (col length:60)
BRAMs: 280 (col length: RAMB18 60 RAMB36 30)
---------------------------------------------------------------------------------
Finished Part Resource Summary
---------------------------------------------------------------------------------
---------------------------------------------------------------------------------
Start Cross Boundary and Area Optimization
---------------------------------------------------------------------------------
INFO: [Synth 8-7129] Port s_axis_tstrb[1] in module axis_dwidth_converter_v1_1_34_axis_dwidth_converter is either unconnected or has no load
INFO: [Synth 8-7129] Port s_axis_tstrb[0] in module axis_dwidth_converter_v1_1_34_axis_dwidth_converter is either unconnected or has no load
INFO: [Synth 8-7129] Port s_axis_tid[0] in module axis_dwidth_converter_v1_1_34_axis_dwidth_converter is either unconnected or has no load
INFO: [Synth 8-7129] Port s_axis_tdest[0] in module axis_dwidth_converter_v1_1_34_axis_dwidth_converter is either unconnected or has no load
INFO: [Synth 8-7129] Port s_axis_tuser[0] in module axis_dwidth_converter_v1_1_34_axis_dwidth_converter is either unconnected or has no load
---------------------------------------------------------------------------------
Finished Cross Boundary and Area Optimization : Time (s): cpu = 00:00:17 ; elapsed = 00:00:19 . Memory (MB): peak = 1579.793 ; gain = 733.680
---------------------------------------------------------------------------------
---------------------------------------------------------------------------------
Start Applying XDC Timing Constraints
---------------------------------------------------------------------------------
---------------------------------------------------------------------------------
Finished Applying XDC Timing Constraints : Time (s): cpu = 00:00:23 ; elapsed = 00:00:24 . Memory (MB): peak = 1704.488 ; gain = 858.375
---------------------------------------------------------------------------------
---------------------------------------------------------------------------------
Start Timing Optimization
---------------------------------------------------------------------------------
---------------------------------------------------------------------------------
Finished Timing Optimization : Time (s): cpu = 00:00:23 ; elapsed = 00:00:25 . Memory (MB): peak = 1724.266 ; gain = 878.152
---------------------------------------------------------------------------------
---------------------------------------------------------------------------------
Start Technology Mapping
---------------------------------------------------------------------------------
---------------------------------------------------------------------------------
Finished Technology Mapping : Time (s): cpu = 00:00:23 ; elapsed = 00:00:25 . Memory (MB): peak = 1724.266 ; gain = 878.152
---------------------------------------------------------------------------------
---------------------------------------------------------------------------------
Start IO Insertion
---------------------------------------------------------------------------------
---------------------------------------------------------------------------------
Start Flattening Before IO Insertion
---------------------------------------------------------------------------------
---------------------------------------------------------------------------------
Finished Flattening Before IO Insertion
---------------------------------------------------------------------------------
---------------------------------------------------------------------------------
Start Final Netlist Cleanup
---------------------------------------------------------------------------------
---------------------------------------------------------------------------------
Finished Final Netlist Cleanup
---------------------------------------------------------------------------------
---------------------------------------------------------------------------------
Finished IO Insertion : Time (s): cpu = 00:00:27 ; elapsed = 00:00:29 . Memory (MB): peak = 1963.914 ; gain = 1117.801
---------------------------------------------------------------------------------
---------------------------------------------------------------------------------
Start Renaming Generated Instances
---------------------------------------------------------------------------------
---------------------------------------------------------------------------------
Finished Renaming Generated Instances : Time (s): cpu = 00:00:27 ; elapsed = 00:00:29 . Memory (MB): peak = 1963.914 ; gain = 1117.801
---------------------------------------------------------------------------------
---------------------------------------------------------------------------------
Start Rebuilding User Hierarchy
---------------------------------------------------------------------------------
---------------------------------------------------------------------------------
Finished Rebuilding User Hierarchy : Time (s): cpu = 00:00:27 ; elapsed = 00:00:29 . Memory (MB): peak = 1963.914 ; gain = 1117.801
---------------------------------------------------------------------------------
---------------------------------------------------------------------------------
Start Renaming Generated Ports
---------------------------------------------------------------------------------
---------------------------------------------------------------------------------
Finished Renaming Generated Ports : Time (s): cpu = 00:00:27 ; elapsed = 00:00:29 . Memory (MB): peak = 1963.914 ; gain = 1117.801
---------------------------------------------------------------------------------
---------------------------------------------------------------------------------
Start Handling Custom Attributes
---------------------------------------------------------------------------------
---------------------------------------------------------------------------------
Finished Handling Custom Attributes : Time (s): cpu = 00:00:27 ; elapsed = 00:00:29 . Memory (MB): peak = 1963.914 ; gain = 1117.801
---------------------------------------------------------------------------------
---------------------------------------------------------------------------------
Start Renaming Generated Nets
---------------------------------------------------------------------------------
---------------------------------------------------------------------------------
Finished Renaming Generated Nets : Time (s): cpu = 00:00:27 ; elapsed = 00:00:29 . Memory (MB): peak = 1963.914 ; gain = 1117.801
---------------------------------------------------------------------------------
---------------------------------------------------------------------------------
Start Writing Synthesis Report
---------------------------------------------------------------------------------

Report BlackBoxes: 
+-+--------------+----------+
| |BlackBox name |Instances |
+-+--------------+----------+
+-+--------------+----------+

Report Cell Usage: 
+------+-----+------+
|      |Cell |Count |
+------+-----+------+
|1     |LUT1 |     1|
|2     |LUT2 |     2|
|3     |LUT3 |     1|
|4     |LUT4 |     3|
|5     |LUT5 |     1|
|6     |LUT6 |     8|
|7     |FDRE |    62|
+------+-----+------+
---------------------------------------------------------------------------------
Finished Writing Synthesis Report : Time (s): cpu = 00:00:27 ; elapsed = 00:00:29 . Memory (MB): peak = 1963.914 ; gain = 1117.801
---------------------------------------------------------------------------------
Synthesis finished with 0 errors, 0 critical warnings and 0 warnings.
Synthesis Optimization Runtime : Time (s): cpu = 00:00:18 ; elapsed = 00:00:27 . Memory (MB): peak = 1963.914 ; gain = 1051.945
Synthesis Optimization Complete : Time (s): cpu = 00:00:27 ; elapsed = 00:00:29 . Memory (MB): peak = 1963.914 ; gain = 1117.801
INFO: [Project 1-571] Translating synthesized netlist
Netlist sorting complete. Time (s): cpu = 00:00:00 ; elapsed = 00:00:00.001 . Memory (MB): peak = 1965.254 ; gain = 0.000
INFO: [Project 1-570] Preparing netlist for logic optimization
INFO: [Opt 31-138] Pushed 0 inverter(s) to 0 load pin(s).
Netlist sorting complete. Time (s): cpu = 00:00:00 ; elapsed = 00:00:00 . Memory (MB): peak = 1966.941 ; gain = 0.000
INFO: [Project 1-111] Unisim Transformation Summary:
No Unisim elements were transformed.

Synth Design complete | Checksum: 5e86a79c
INFO: [Common 17-83] Releasing license: Synthesis
71 Infos, 0 Warnings, 0 Critical Warnings and 0 Errors encountered.
synth_design completed successfully
synth_design: Time (s): cpu = 00:00:32 ; elapsed = 00:00:34 . Memory (MB): peak = 1966.941 ; gain = 1346.824
Write ShapeDB Complete: Time (s): cpu = 00:00:00 ; elapsed = 00:00:00.001 . Memory (MB): peak = 1966.941 ; gain = 0.000
INFO: [Common 17-1381] The checkpoint 'D:/yolov5s_conv/yolov5s_conv.runs/design_1_conv_out_0_synth_1/design_1_conv_out_0.dcp' has been generated.
INFO: [Coretcl 2-1648] Added synthesis output to IP cache for IP design_1_conv_out_0, cache-ID = 1e9b01ca8d9aab99
INFO: [Coretcl 2-1174] Renamed 2 cell refs.
Write ShapeDB Complete: Time (s): cpu = 00:00:00 ; elapsed = 00:00:00 . Memory (MB): peak = 1966.941 ; gain = 0.000
INFO: [Common 17-1381] The checkpoint 'D:/yolov5s_conv/yolov5s_conv.runs/design_1_conv_out_0_synth_1/design_1_conv_out_0.dcp' has been generated.
INFO: [Vivado 12-24828] Executing command : report_utilization -file design_1_conv_out_0_utilization_synth.rpt -pb design_1_conv_out_0_utilization_synth.pb
INFO: [Common 17-206] Exiting Vivado at Tue Feb 17 15:09:26 2026...
