2026-02-20 12:50:42 [info] : [Platform Server] Creating platform cnn_platform  output stream finished - cnn_platform. 
2026-02-20 12:54:51 [info] : [Build Server] Clean output stream finished - cnn_app::. 
2026-02-20 12:55:11 [info] : [Platform Server] Generate platform output stream finished - cnn_platform. 
2026-02-20 12:56:13 [info] : [Platform Server] Generate platform output stream finished - cnn_platform. 
2026-02-20 12:56:16 [info] : [Build Server] Build output stream finished - cnn_app::. 
2026-02-20 13:07:03 [info] : [Platform Server] Creating platform cnn_platform  output stream finished - cnn_platform. 
2026-02-20 14:11:14 [info] : [Platform Server] Generate platform output stream finished - cnn_platform. 
2026-02-20 14:11:16 [info] : [Build Server] Build output stream finished - cnn_app::. 
2026-02-20 14:18:16 [info] : [Platform Server] Generate platform output stream finished - cnn_platform. 
2026-02-20 14:18:17 [info] : [Build Server] Build output stream finished - cnn_app::. 
2026-02-20 14:21:56 [info] : [Platform Server] Generate platform output stream finished - cnn_platform. 
2026-02-20 14:21:57 [info] : [Build Server] Build output stream finished - cnn_app::. 
2026-02-20 15:03:32 [info] : [Build Server] Clean output stream finished - cnn_app::. 
2026-02-20 15:03:38 [info] : [Platform Server] Generate platform output stream finished - cnn_platform. 
2026-02-20 15:03:40 [info] : [Build Server] Build output stream finished - cnn_app::. 
2026-02-20 15:05:04 [info] : [Platform Server] Generate platform output stream finished - cnn_platform. 
2026-02-20 15:05:06 [info] : [Build Server] Build output stream finished - cnn_app::. 
2026-02-20 15:06:54 [info] : [Platform Server] Generate platform output stream finished - cnn_platform. 
2026-02-20 15:06:55 [info] : [Build Server] Build output stream finished - cnn_app::. 
2026-02-20 15:10:15 [info] : [Platform Server] Generate platform output stream finished - cnn_platform. 
2026-02-20 15:10:17 [info] : [Build Server] Build output stream finished - cnn_app::. 
2026-02-20 15:13:09 [info] : [Platform Server] Generate platform output stream finished - cnn_platform. 
2026-02-20 15:13:10 [info] : [Build Server] Build output stream finished - cnn_app::. 
2026-02-20 15:19:11 [info] : [Platform Server] Generate platform output stream finished - cnn_platform. 
2026-02-20 15:19:12 [info] : [Build Server] Build output stream finished - cnn_app::. 
2026-02-20 15:33:11 [info] : [Platform Server] Updating design_fixed XSA for cnn_platform platform output stream finished - cnn_platform. 
2026-02-20 15:34:43 [info] : [Platform Server] Generate platform output stream finished - cnn_platform. 
2026-02-20 15:34:50 [info] : [Build Server] Clean output stream finished - cnn_app::. 
2026-02-20 15:34:56 [info] : [Platform Server] Generate platform output stream finished - cnn_platform. 
2026-02-20 15:34:57 [info] : [Build Server] Build output stream finished - cnn_app::. 
2026-02-20 15:39:51 [info] : [Platform Server] Generate platform output stream finished - cnn_platform. 
2026-02-20 15:39:53 [info] : [Build Server] Build output stream finished - cnn_app::. 
2026-02-20 15:41:46 [info] : [Platform Server] Generate platform output stream finished - cnn_platform. 
2026-02-20 15:41:47 [info] : [Build Server] Build output stream finished - cnn_app::. 
