
*** Running vivado
    with args -log design_1_wrapper.vds -m64 -product Vivado -mode batch -messageDb vivado.pb -notrace -source design_1_wrapper.tcl



****** Vivado v2025.2 (64-bit)
  **** SW Build 6299465 on Fri Nov 14 19:35:11 GMT 2025
  **** IP Build 6300035 on Fri Nov 14 10:48:45 MST 2025
  **** SharedData Build 6298862 on Thu Nov 13 04:50:51 MST 2025
  **** Start of session at: Fri Feb 20 15:27:06 2026
    ** Copyright 1986-2022 Xilinx, Inc. All Rights Reserved.
    ** Copyright 2022-2025 Advanced Micro Devices, Inc. All Rights Reserved.

source design_1_wrapper.tcl -notrace
INFO: [IP_Flow 19-234] Refreshing IP repositories
INFO: [IP_Flow 19-1700] Loaded user IP repository 'd:/yolov5s_conv/export'.
INFO: [IP_Flow 19-2313] Loaded Vivado IP repository 'D:/Vivado/2025.2/Vivado/data/ip'.
Command: read_checkpoint -auto_incremental -incremental D:/yolov5s_conv/yolov5s_conv.srcs/utils_1/imports/synth_1/design_1_wrapper.dcp
INFO: [Vivado 12-5825] Read reference checkpoint from D:/yolov5s_conv/yolov5s_conv.srcs/utils_1/imports/synth_1/design_1_wrapper.dcp for incremental synthesis
INFO: [Vivado 12-7989] Please ensure there are no constraint changes
Command: synth_design -top design_1_wrapper -part xc7z020clg400-1
Starting synth_design
Attempting to get a license for feature 'Synthesis' and/or device 'xc7z020'
INFO: [Common 17-349] Got license for feature 'Synthesis' and/or device 'xc7z020'
INFO: [Device 21-403] Loading part xc7z020clg400-1
INFO: [Designutils 20-5440] No compile time benefit to using incremental synthesis; A full resynthesis will be run
INFO: [Designutils 20-4379] Flow is switching to default flow due to incremental criteria not met. If you would like to alter this behaviour and have the flow terminate instead, please set the following parameter config_implementation {autoIncr.Synth.RejectBehavior Terminate}
INFO: [Synth 8-7079] Multithreading enabled for synth_design using a maximum of 2 processes.
INFO: [Synth 8-7078] Launching helper process for spawning children vivado processes
INFO: [Synth 8-7075] Helper process launched with PID 22904
---------------------------------------------------------------------------------
Starting RTL Elaboration : Time (s): cpu = 00:00:04 ; elapsed = 00:00:04 . Memory (MB): peak = 1415.027 ; gain = 539.059
---------------------------------------------------------------------------------
INFO: [Synth 8-6157] synthesizing module 'design_1_wrapper' [D:/yolov5s_conv/yolov5s_conv.gen/sources_1/bd/design_1/hdl/design_1_wrapper.v:13]
INFO: [Synth 8-6157] synthesizing module 'design_1' [d:/yolov5s_conv/yolov5s_conv.gen/sources_1/bd/design_1/synth/design_1.v:13]
INFO: [Synth 8-6157] synthesizing module 'design_1_axi_dma_0_0' [D:/yolov5s_conv/yolov5s_conv.runs/synth_1/.Xil/Vivado-28660-Pranav_J/realtime/design_1_axi_dma_0_0_stub.v:6]
INFO: [Synth 8-6155] done synthesizing module 'design_1_axi_dma_0_0' (0#1) [D:/yolov5s_conv/yolov5s_conv.runs/synth_1/.Xil/Vivado-28660-Pranav_J/realtime/design_1_axi_dma_0_0_stub.v:6]
WARNING: [Synth 8-7071] port 'mm2s_prmry_reset_out_n' of module 'design_1_axi_dma_0_0' is unconnected for instance 'axi_dma_0' [d:/yolov5s_conv/yolov5s_conv.gen/sources_1/bd/design_1/synth/design_1.v:237]
WARNING: [Synth 8-7071] port 's2mm_prmry_reset_out_n' of module 'design_1_axi_dma_0_0' is unconnected for instance 'axi_dma_0' [d:/yolov5s_conv/yolov5s_conv.gen/sources_1/bd/design_1/synth/design_1.v:237]
WARNING: [Synth 8-7071] port 'mm2s_introut' of module 'design_1_axi_dma_0_0' is unconnected for instance 'axi_dma_0' [d:/yolov5s_conv/yolov5s_conv.gen/sources_1/bd/design_1/synth/design_1.v:237]
WARNING: [Synth 8-7071] port 's2mm_introut' of module 'design_1_axi_dma_0_0' is unconnected for instance 'axi_dma_0' [d:/yolov5s_conv/yolov5s_conv.gen/sources_1/bd/design_1/synth/design_1.v:237]
WARNING: [Synth 8-7071] port 'axi_dma_tstvec' of module 'design_1_axi_dma_0_0' is unconnected for instance 'axi_dma_0' [d:/yolov5s_conv/yolov5s_conv.gen/sources_1/bd/design_1/synth/design_1.v:237]
WARNING: [Synth 8-7023] instance 'axi_dma_0' of module 'design_1_axi_dma_0_0' has 64 connections declared, but only 59 given [d:/yolov5s_conv/yolov5s_conv.gen/sources_1/bd/design_1/synth/design_1.v:237]
WARNING: [Synth 8-4446] all outputs are unconnected for this instance and logic may be removed [d:/yolov5s_conv/yolov5s_conv.gen/sources_1/bd/design_1/synth/design_1.v:297]
INFO: [Synth 8-6157] synthesizing module 'design_1_axi_interconnect_0_0' [d:/yolov5s_conv/yolov5s_conv.gen/sources_1/bd/design_1/synth/design_1.v:682]
INFO: [Synth 8-6157] synthesizing module 'm00_couplers_imp_1CA5Z32' [d:/yolov5s_conv/yolov5s_conv.gen/sources_1/bd/design_1/synth/design_1.v:2648]
INFO: [Synth 8-6155] done synthesizing module 'm00_couplers_imp_1CA5Z32' (0#1) [d:/yolov5s_conv/yolov5s_conv.gen/sources_1/bd/design_1/synth/design_1.v:2648]
INFO: [Synth 8-6157] synthesizing module 'm01_couplers_imp_I4GRPB' [d:/yolov5s_conv/yolov5s_conv.gen/sources_1/bd/design_1/synth/design_1.v:3197]
INFO: [Synth 8-6155] done synthesizing module 'm01_couplers_imp_I4GRPB' (0#1) [d:/yolov5s_conv/yolov5s_conv.gen/sources_1/bd/design_1/synth/design_1.v:3197]
INFO: [Synth 8-6157] synthesizing module 's00_couplers_imp_O7FAN0' [d:/yolov5s_conv/yolov5s_conv.gen/sources_1/bd/design_1/synth/design_1.v:3789]
INFO: [Synth 8-6155] done synthesizing module 's00_couplers_imp_O7FAN0' (0#1) [d:/yolov5s_conv/yolov5s_conv.gen/sources_1/bd/design_1/synth/design_1.v:3789]
INFO: [Synth 8-6157] synthesizing module 'design_1_axi_interconnect_0_imp_xbar_0' [D:/yolov5s_conv/yolov5s_conv.runs/synth_1/.Xil/Vivado-28660-Pranav_J/realtime/design_1_axi_interconnect_0_imp_xbar_0_stub.v:6]
INFO: [Synth 8-6155] done synthesizing module 'design_1_axi_interconnect_0_imp_xbar_0' (0#1) [D:/yolov5s_conv/yolov5s_conv.runs/synth_1/.Xil/Vivado-28660-Pranav_J/realtime/design_1_axi_interconnect_0_imp_xbar_0_stub.v:6]
INFO: [Synth 8-6155] done synthesizing module 'design_1_axi_interconnect_0_0' (0#1) [d:/yolov5s_conv/yolov5s_conv.gen/sources_1/bd/design_1/synth/design_1.v:682]
WARNING: [Synth 8-7071] port 'M00_AXI_araddr' of module 'design_1_axi_interconnect_0_0' is unconnected for instance 'axi_interconnect_0' [d:/yolov5s_conv/yolov5s_conv.gen/sources_1/bd/design_1/synth/design_1.v:297]
WARNING: [Synth 8-7071] port 'M00_AXI_arburst' of module 'design_1_axi_interconnect_0_0' is unconnected for instance 'axi_interconnect_0' [d:/yolov5s_conv/yolov5s_conv.gen/sources_1/bd/design_1/synth/design_1.v:297]
WARNING: [Synth 8-7071] port 'M00_AXI_arcache' of module 'design_1_axi_interconnect_0_0' is unconnected for instance 'axi_interconnect_0' [d:/yolov5s_conv/yolov5s_conv.gen/sources_1/bd/design_1/synth/design_1.v:297]
WARNING: [Synth 8-7071] port 'M00_AXI_arlen' of module 'design_1_axi_interconnect_0_0' is unconnected for instance 'axi_interconnect_0' [d:/yolov5s_conv/yolov5s_conv.gen/sources_1/bd/design_1/synth/design_1.v:297]
WARNING: [Synth 8-7071] port 'M00_AXI_arlock' of module 'design_1_axi_interconnect_0_0' is unconnected for instance 'axi_interconnect_0' [d:/yolov5s_conv/yolov5s_conv.gen/sources_1/bd/design_1/synth/design_1.v:297]
WARNING: [Synth 8-7071] port 'M00_AXI_arprot' of module 'design_1_axi_interconnect_0_0' is unconnected for instance 'axi_interconnect_0' [d:/yolov5s_conv/yolov5s_conv.gen/sources_1/bd/design_1/synth/design_1.v:297]
WARNING: [Synth 8-7071] port 'M00_AXI_arqos' of module 'design_1_axi_interconnect_0_0' is unconnected for instance 'axi_interconnect_0' [d:/yolov5s_conv/yolov5s_conv.gen/sources_1/bd/design_1/synth/design_1.v:297]
WARNING: [Synth 8-7071] port 'M00_AXI_arregion' of module 'design_1_axi_interconnect_0_0' is unconnected for instance 'axi_interconnect_0' [d:/yolov5s_conv/yolov5s_conv.gen/sources_1/bd/design_1/synth/design_1.v:297]
WARNING: [Synth 8-7071] port 'M00_AXI_arsize' of module 'design_1_axi_interconnect_0_0' is unconnected for instance 'axi_interconnect_0' [d:/yolov5s_conv/yolov5s_conv.gen/sources_1/bd/design_1/synth/design_1.v:297]
WARNING: [Synth 8-7071] port 'M00_AXI_arvalid' of module 'design_1_axi_interconnect_0_0' is unconnected for instance 'axi_interconnect_0' [d:/yolov5s_conv/yolov5s_conv.gen/sources_1/bd/design_1/synth/design_1.v:297]
WARNING: [Synth 8-7071] port 'M00_AXI_awaddr' of module 'design_1_axi_interconnect_0_0' is unconnected for instance 'axi_interconnect_0' [d:/yolov5s_conv/yolov5s_conv.gen/sources_1/bd/design_1/synth/design_1.v:297]
WARNING: [Synth 8-7071] port 'M00_AXI_awburst' of module 'design_1_axi_interconnect_0_0' is unconnected for instance 'axi_interconnect_0' [d:/yolov5s_conv/yolov5s_conv.gen/sources_1/bd/design_1/synth/design_1.v:297]
WARNING: [Synth 8-7071] port 'M00_AXI_awcache' of module 'design_1_axi_interconnect_0_0' is unconnected for instance 'axi_interconnect_0' [d:/yolov5s_conv/yolov5s_conv.gen/sources_1/bd/design_1/synth/design_1.v:297]
WARNING: [Synth 8-7071] port 'M00_AXI_awlen' of module 'design_1_axi_interconnect_0_0' is unconnected for instance 'axi_interconnect_0' [d:/yolov5s_conv/yolov5s_conv.gen/sources_1/bd/design_1/synth/design_1.v:297]
WARNING: [Synth 8-7071] port 'M00_AXI_awlock' of module 'design_1_axi_interconnect_0_0' is unconnected for instance 'axi_interconnect_0' [d:/yolov5s_conv/yolov5s_conv.gen/sources_1/bd/design_1/synth/design_1.v:297]
WARNING: [Synth 8-7071] port 'M00_AXI_awprot' of module 'design_1_axi_interconnect_0_0' is unconnected for instance 'axi_interconnect_0' [d:/yolov5s_conv/yolov5s_conv.gen/sources_1/bd/design_1/synth/design_1.v:297]
WARNING: [Synth 8-7071] port 'M00_AXI_awqos' of module 'design_1_axi_interconnect_0_0' is unconnected for instance 'axi_interconnect_0' [d:/yolov5s_conv/yolov5s_conv.gen/sources_1/bd/design_1/synth/design_1.v:297]
WARNING: [Synth 8-7071] port 'M00_AXI_awregion' of module 'design_1_axi_interconnect_0_0' is unconnected for instance 'axi_interconnect_0' [d:/yolov5s_conv/yolov5s_conv.gen/sources_1/bd/design_1/synth/design_1.v:297]
WARNING: [Synth 8-7071] port 'M00_AXI_awsize' of module 'design_1_axi_interconnect_0_0' is unconnected for instance 'axi_interconnect_0' [d:/yolov5s_conv/yolov5s_conv.gen/sources_1/bd/design_1/synth/design_1.v:297]
WARNING: [Synth 8-7071] port 'M00_AXI_awvalid' of module 'design_1_axi_interconnect_0_0' is unconnected for instance 'axi_interconnect_0' [d:/yolov5s_conv/yolov5s_conv.gen/sources_1/bd/design_1/synth/design_1.v:297]
WARNING: [Synth 8-7071] port 'M00_AXI_bready' of module 'design_1_axi_interconnect_0_0' is unconnected for instance 'axi_interconnect_0' [d:/yolov5s_conv/yolov5s_conv.gen/sources_1/bd/design_1/synth/design_1.v:297]
WARNING: [Synth 8-7071] port 'M00_AXI_rready' of module 'design_1_axi_interconnect_0_0' is unconnected for instance 'axi_interconnect_0' [d:/yolov5s_conv/yolov5s_conv.gen/sources_1/bd/design_1/synth/design_1.v:297]
WARNING: [Synth 8-7071] port 'M00_AXI_wdata' of module 'design_1_axi_interconnect_0_0' is unconnected for instance 'axi_interconnect_0' [d:/yolov5s_conv/yolov5s_conv.gen/sources_1/bd/design_1/synth/design_1.v:297]
WARNING: [Synth 8-7071] port 'M00_AXI_wlast' of module 'design_1_axi_interconnect_0_0' is unconnected for instance 'axi_interconnect_0' [d:/yolov5s_conv/yolov5s_conv.gen/sources_1/bd/design_1/synth/design_1.v:297]
WARNING: [Synth 8-7071] port 'M00_AXI_wstrb' of module 'design_1_axi_interconnect_0_0' is unconnected for instance 'axi_interconnect_0' [d:/yolov5s_conv/yolov5s_conv.gen/sources_1/bd/design_1/synth/design_1.v:297]
WARNING: [Synth 8-7071] port 'M00_AXI_wvalid' of module 'design_1_axi_interconnect_0_0' is unconnected for instance 'axi_interconnect_0' [d:/yolov5s_conv/yolov5s_conv.gen/sources_1/bd/design_1/synth/design_1.v:297]
WARNING: [Synth 8-7071] port 'M01_AXI_araddr' of module 'design_1_axi_interconnect_0_0' is unconnected for instance 'axi_interconnect_0' [d:/yolov5s_conv/yolov5s_conv.gen/sources_1/bd/design_1/synth/design_1.v:297]
WARNING: [Synth 8-7071] port 'M01_AXI_arburst' of module 'design_1_axi_interconnect_0_0' is unconnected for instance 'axi_interconnect_0' [d:/yolov5s_conv/yolov5s_conv.gen/sources_1/bd/design_1/synth/design_1.v:297]
WARNING: [Synth 8-7071] port 'M01_AXI_arcache' of module 'design_1_axi_interconnect_0_0' is unconnected for instance 'axi_interconnect_0' [d:/yolov5s_conv/yolov5s_conv.gen/sources_1/bd/design_1/synth/design_1.v:297]
WARNING: [Synth 8-7071] port 'M01_AXI_arlen' of module 'design_1_axi_interconnect_0_0' is unconnected for instance 'axi_interconnect_0' [d:/yolov5s_conv/yolov5s_conv.gen/sources_1/bd/design_1/synth/design_1.v:297]
WARNING: [Synth 8-7071] port 'M01_AXI_arlock' of module 'design_1_axi_interconnect_0_0' is unconnected for instance 'axi_interconnect_0' [d:/yolov5s_conv/yolov5s_conv.gen/sources_1/bd/design_1/synth/design_1.v:297]
WARNING: [Synth 8-7071] port 'M01_AXI_arprot' of module 'design_1_axi_interconnect_0_0' is unconnected for instance 'axi_interconnect_0' [d:/yolov5s_conv/yolov5s_conv.gen/sources_1/bd/design_1/synth/design_1.v:297]
WARNING: [Synth 8-7071] port 'M01_AXI_arqos' of module 'design_1_axi_interconnect_0_0' is unconnected for instance 'axi_interconnect_0' [d:/yolov5s_conv/yolov5s_conv.gen/sources_1/bd/design_1/synth/design_1.v:297]
WARNING: [Synth 8-7071] port 'M01_AXI_arregion' of module 'design_1_axi_interconnect_0_0' is unconnected for instance 'axi_interconnect_0' [d:/yolov5s_conv/yolov5s_conv.gen/sources_1/bd/design_1/synth/design_1.v:297]
WARNING: [Synth 8-7071] port 'M01_AXI_arsize' of module 'design_1_axi_interconnect_0_0' is unconnected for instance 'axi_interconnect_0' [d:/yolov5s_conv/yolov5s_conv.gen/sources_1/bd/design_1/synth/design_1.v:297]
WARNING: [Synth 8-7071] port 'M01_AXI_arvalid' of module 'design_1_axi_interconnect_0_0' is unconnected for instance 'axi_interconnect_0' [d:/yolov5s_conv/yolov5s_conv.gen/sources_1/bd/design_1/synth/design_1.v:297]
WARNING: [Synth 8-7071] port 'M01_AXI_awaddr' of module 'design_1_axi_interconnect_0_0' is unconnected for instance 'axi_interconnect_0' [d:/yolov5s_conv/yolov5s_conv.gen/sources_1/bd/design_1/synth/design_1.v:297]
WARNING: [Synth 8-7071] port 'M01_AXI_awburst' of module 'design_1_axi_interconnect_0_0' is unconnected for instance 'axi_interconnect_0' [d:/yolov5s_conv/yolov5s_conv.gen/sources_1/bd/design_1/synth/design_1.v:297]
WARNING: [Synth 8-7071] port 'M01_AXI_awcache' of module 'design_1_axi_interconnect_0_0' is unconnected for instance 'axi_interconnect_0' [d:/yolov5s_conv/yolov5s_conv.gen/sources_1/bd/design_1/synth/design_1.v:297]
WARNING: [Synth 8-7071] port 'M01_AXI_awlen' of module 'design_1_axi_interconnect_0_0' is unconnected for instance 'axi_interconnect_0' [d:/yolov5s_conv/yolov5s_conv.gen/sources_1/bd/design_1/synth/design_1.v:297]
WARNING: [Synth 8-7071] port 'M01_AXI_awlock' of module 'design_1_axi_interconnect_0_0' is unconnected for instance 'axi_interconnect_0' [d:/yolov5s_conv/yolov5s_conv.gen/sources_1/bd/design_1/synth/design_1.v:297]
WARNING: [Synth 8-7071] port 'M01_AXI_awprot' of module 'design_1_axi_interconnect_0_0' is unconnected for instance 'axi_interconnect_0' [d:/yolov5s_conv/yolov5s_conv.gen/sources_1/bd/design_1/synth/design_1.v:297]
WARNING: [Synth 8-7071] port 'M01_AXI_awqos' of module 'design_1_axi_interconnect_0_0' is unconnected for instance 'axi_interconnect_0' [d:/yolov5s_conv/yolov5s_conv.gen/sources_1/bd/design_1/synth/design_1.v:297]
WARNING: [Synth 8-7071] port 'M01_AXI_awregion' of module 'design_1_axi_interconnect_0_0' is unconnected for instance 'axi_interconnect_0' [d:/yolov5s_conv/yolov5s_conv.gen/sources_1/bd/design_1/synth/design_1.v:297]
WARNING: [Synth 8-7071] port 'M01_AXI_awsize' of module 'design_1_axi_interconnect_0_0' is unconnected for instance 'axi_interconnect_0' [d:/yolov5s_conv/yolov5s_conv.gen/sources_1/bd/design_1/synth/design_1.v:297]
WARNING: [Synth 8-7071] port 'M01_AXI_awvalid' of module 'design_1_axi_interconnect_0_0' is unconnected for instance 'axi_interconnect_0' [d:/yolov5s_conv/yolov5s_conv.gen/sources_1/bd/design_1/synth/design_1.v:297]
WARNING: [Synth 8-7071] port 'M01_AXI_bready' of module 'design_1_axi_interconnect_0_0' is unconnected for instance 'axi_interconnect_0' [d:/yolov5s_conv/yolov5s_conv.gen/sources_1/bd/design_1/synth/design_1.v:297]
WARNING: [Synth 8-7071] port 'M01_AXI_rready' of module 'design_1_axi_interconnect_0_0' is unconnected for instance 'axi_interconnect_0' [d:/yolov5s_conv/yolov5s_conv.gen/sources_1/bd/design_1/synth/design_1.v:297]
WARNING: [Synth 8-7071] port 'M01_AXI_wdata' of module 'design_1_axi_interconnect_0_0' is unconnected for instance 'axi_interconnect_0' [d:/yolov5s_conv/yolov5s_conv.gen/sources_1/bd/design_1/synth/design_1.v:297]
WARNING: [Synth 8-7071] port 'M01_AXI_wlast' of module 'design_1_axi_interconnect_0_0' is unconnected for instance 'axi_interconnect_0' [d:/yolov5s_conv/yolov5s_conv.gen/sources_1/bd/design_1/synth/design_1.v:297]
WARNING: [Synth 8-7071] port 'M01_AXI_wstrb' of module 'design_1_axi_interconnect_0_0' is unconnected for instance 'axi_interconnect_0' [d:/yolov5s_conv/yolov5s_conv.gen/sources_1/bd/design_1/synth/design_1.v:297]
WARNING: [Synth 8-7071] port 'M01_AXI_wvalid' of module 'design_1_axi_interconnect_0_0' is unconnected for instance 'axi_interconnect_0' [d:/yolov5s_conv/yolov5s_conv.gen/sources_1/bd/design_1/synth/design_1.v:297]
WARNING: [Synth 8-7071] port 'S00_AXI_arready' of module 'design_1_axi_interconnect_0_0' is unconnected for instance 'axi_interconnect_0' [d:/yolov5s_conv/yolov5s_conv.gen/sources_1/bd/design_1/synth/design_1.v:297]
WARNING: [Synth 8-7071] port 'S00_AXI_awready' of module 'design_1_axi_interconnect_0_0' is unconnected for instance 'axi_interconnect_0' [d:/yolov5s_conv/yolov5s_conv.gen/sources_1/bd/design_1/synth/design_1.v:297]
WARNING: [Synth 8-7071] port 'S00_AXI_bresp' of module 'design_1_axi_interconnect_0_0' is unconnected for instance 'axi_interconnect_0' [d:/yolov5s_conv/yolov5s_conv.gen/sources_1/bd/design_1/synth/design_1.v:297]
WARNING: [Synth 8-7071] port 'S00_AXI_bvalid' of module 'design_1_axi_interconnect_0_0' is unconnected for instance 'axi_interconnect_0' [d:/yolov5s_conv/yolov5s_conv.gen/sources_1/bd/design_1/synth/design_1.v:297]
WARNING: [Synth 8-7071] port 'S00_AXI_rdata' of module 'design_1_axi_interconnect_0_0' is unconnected for instance 'axi_interconnect_0' [d:/yolov5s_conv/yolov5s_conv.gen/sources_1/bd/design_1/synth/design_1.v:297]
WARNING: [Synth 8-7071] port 'S00_AXI_rlast' of module 'design_1_axi_interconnect_0_0' is unconnected for instance 'axi_interconnect_0' [d:/yolov5s_conv/yolov5s_conv.gen/sources_1/bd/design_1/synth/design_1.v:297]
WARNING: [Synth 8-7071] port 'S00_AXI_rresp' of module 'design_1_axi_interconnect_0_0' is unconnected for instance 'axi_interconnect_0' [d:/yolov5s_conv/yolov5s_conv.gen/sources_1/bd/design_1/synth/design_1.v:297]
WARNING: [Synth 8-7071] port 'S00_AXI_rvalid' of module 'design_1_axi_interconnect_0_0' is unconnected for instance 'axi_interconnect_0' [d:/yolov5s_conv/yolov5s_conv.gen/sources_1/bd/design_1/synth/design_1.v:297]
WARNING: [Synth 8-7071] port 'S00_AXI_wready' of module 'design_1_axi_interconnect_0_0' is unconnected for instance 'axi_interconnect_0' [d:/yolov5s_conv/yolov5s_conv.gen/sources_1/bd/design_1/synth/design_1.v:297]
WARNING: [Synth 8-7023] instance 'axi_interconnect_0' of module 'design_1_axi_interconnect_0_0' has 111 connections declared, but only 50 given [d:/yolov5s_conv/yolov5s_conv.gen/sources_1/bd/design_1/synth/design_1.v:297]
INFO: [Synth 8-6157] synthesizing module 'design_1_axi_mem_intercon_0' [d:/yolov5s_conv/yolov5s_conv.gen/sources_1/bd/design_1/synth/design_1.v:1409]
INFO: [Synth 8-6157] synthesizing module 'm00_couplers_imp_1R706YB' [d:/yolov5s_conv/yolov5s_conv.gen/sources_1/bd/design_1/synth/design_1.v:2871]
INFO: [Synth 8-6157] synthesizing module 'design_1_axi_mem_intercon_imp_auto_pc_0' [D:/yolov5s_conv/yolov5s_conv.runs/synth_1/.Xil/Vivado-28660-Pranav_J/realtime/design_1_axi_mem_intercon_imp_auto_pc_0_stub.v:6]
INFO: [Synth 8-6155] done synthesizing module 'design_1_axi_mem_intercon_imp_auto_pc_0' (0#1) [D:/yolov5s_conv/yolov5s_conv.runs/synth_1/.Xil/Vivado-28660-Pranav_J/realtime/design_1_axi_mem_intercon_imp_auto_pc_0_stub.v:6]
INFO: [Synth 8-6155] done synthesizing module 'm00_couplers_imp_1R706YB' (0#1) [d:/yolov5s_conv/yolov5s_conv.gen/sources_1/bd/design_1/synth/design_1.v:2871]
INFO: [Synth 8-6157] synthesizing module 's00_couplers_imp_7HNO1D' [d:/yolov5s_conv/yolov5s_conv.gen/sources_1/bd/design_1/synth/design_1.v:3656]
INFO: [Synth 8-6157] synthesizing module 'design_1_axi_mem_intercon_imp_auto_us_0' [D:/yolov5s_conv/yolov5s_conv.runs/synth_1/.Xil/Vivado-28660-Pranav_J/realtime/design_1_axi_mem_intercon_imp_auto_us_0_stub.v:6]
INFO: [Synth 8-6155] done synthesizing module 'design_1_axi_mem_intercon_imp_auto_us_0' (0#1) [D:/yolov5s_conv/yolov5s_conv.runs/synth_1/.Xil/Vivado-28660-Pranav_J/realtime/design_1_axi_mem_intercon_imp_auto_us_0_stub.v:6]
WARNING: [Synth 8-7071] port 'm_axi_arregion' of module 'design_1_axi_mem_intercon_imp_auto_us_0' is unconnected for instance 'auto_us' [d:/yolov5s_conv/yolov5s_conv.gen/sources_1/bd/design_1/synth/design_1.v:3753]
WARNING: [Synth 8-7023] instance 'auto_us' of module 'design_1_axi_mem_intercon_imp_auto_us_0' has 34 connections declared, but only 33 given [d:/yolov5s_conv/yolov5s_conv.gen/sources_1/bd/design_1/synth/design_1.v:3753]
INFO: [Synth 8-6155] done synthesizing module 's00_couplers_imp_7HNO1D' (0#1) [d:/yolov5s_conv/yolov5s_conv.gen/sources_1/bd/design_1/synth/design_1.v:3656]
INFO: [Synth 8-6157] synthesizing module 's01_couplers_imp_1W60HW0' [d:/yolov5s_conv/yolov5s_conv.gen/sources_1/bd/design_1/synth/design_1.v:4246]
INFO: [Synth 8-6157] synthesizing module 'design_1_axi_mem_intercon_imp_auto_us_1' [D:/yolov5s_conv/yolov5s_conv.runs/synth_1/.Xil/Vivado-28660-Pranav_J/realtime/design_1_axi_mem_intercon_imp_auto_us_1_stub.v:6]
INFO: [Synth 8-6155] done synthesizing module 'design_1_axi_mem_intercon_imp_auto_us_1' (0#1) [D:/yolov5s_conv/yolov5s_conv.runs/synth_1/.Xil/Vivado-28660-Pranav_J/realtime/design_1_axi_mem_intercon_imp_auto_us_1_stub.v:6]
WARNING: [Synth 8-7071] port 'm_axi_awregion' of module 'design_1_axi_mem_intercon_imp_auto_us_1' is unconnected for instance 'auto_us' [d:/yolov5s_conv/yolov5s_conv.gen/sources_1/bd/design_1/synth/design_1.v:4361]
WARNING: [Synth 8-7023] instance 'auto_us' of module 'design_1_axi_mem_intercon_imp_auto_us_1' has 40 connections declared, but only 39 given [d:/yolov5s_conv/yolov5s_conv.gen/sources_1/bd/design_1/synth/design_1.v:4361]
INFO: [Synth 8-6155] done synthesizing module 's01_couplers_imp_1W60HW0' (0#1) [d:/yolov5s_conv/yolov5s_conv.gen/sources_1/bd/design_1/synth/design_1.v:4246]
INFO: [Synth 8-6157] synthesizing module 'design_1_axi_mem_intercon_upgraded_ipi_imp_xbar_0' [D:/yolov5s_conv/yolov5s_conv.runs/synth_1/.Xil/Vivado-28660-Pranav_J/realtime/design_1_axi_mem_intercon_upgraded_ipi_imp_xbar_0_stub.v:6]
INFO: [Synth 8-6155] done synthesizing module 'design_1_axi_mem_intercon_upgraded_ipi_imp_xbar_0' (0#1) [D:/yolov5s_conv/yolov5s_conv.runs/synth_1/.Xil/Vivado-28660-Pranav_J/realtime/design_1_axi_mem_intercon_upgraded_ipi_imp_xbar_0_stub.v:6]
WARNING: [Synth 8-689] width (1) of port connection 's_axi_arready' does not match port width (2) of module 'design_1_axi_mem_intercon_upgraded_ipi_imp_xbar_0' [d:/yolov5s_conv/yolov5s_conv.gen/sources_1/bd/design_1/synth/design_1.v:1911]
WARNING: [Synth 8-689] width (64) of port connection 's_axi_rdata' does not match port width (128) of module 'design_1_axi_mem_intercon_upgraded_ipi_imp_xbar_0' [d:/yolov5s_conv/yolov5s_conv.gen/sources_1/bd/design_1/synth/design_1.v:1928]
WARNING: [Synth 8-689] width (1) of port connection 's_axi_rlast' does not match port width (2) of module 'design_1_axi_mem_intercon_upgraded_ipi_imp_xbar_0' [d:/yolov5s_conv/yolov5s_conv.gen/sources_1/bd/design_1/synth/design_1.v:1929]
WARNING: [Synth 8-689] width (2) of port connection 's_axi_rresp' does not match port width (4) of module 'design_1_axi_mem_intercon_upgraded_ipi_imp_xbar_0' [d:/yolov5s_conv/yolov5s_conv.gen/sources_1/bd/design_1/synth/design_1.v:1931]
WARNING: [Synth 8-689] width (1) of port connection 's_axi_rvalid' does not match port width (2) of module 'design_1_axi_mem_intercon_upgraded_ipi_imp_xbar_0' [d:/yolov5s_conv/yolov5s_conv.gen/sources_1/bd/design_1/synth/design_1.v:1932]
WARNING: [Synth 8-7071] port 's_axi_bid' of module 'design_1_axi_mem_intercon_upgraded_ipi_imp_xbar_0' is unconnected for instance 'xbar' [d:/yolov5s_conv/yolov5s_conv.gen/sources_1/bd/design_1/synth/design_1.v:1861]
WARNING: [Synth 8-7071] port 's_axi_rid' of module 'design_1_axi_mem_intercon_upgraded_ipi_imp_xbar_0' is unconnected for instance 'xbar' [d:/yolov5s_conv/yolov5s_conv.gen/sources_1/bd/design_1/synth/design_1.v:1861]
WARNING: [Synth 8-7023] instance 'xbar' of module 'design_1_axi_mem_intercon_upgraded_ipi_imp_xbar_0' has 78 connections declared, but only 76 given [d:/yolov5s_conv/yolov5s_conv.gen/sources_1/bd/design_1/synth/design_1.v:1861]
INFO: [Synth 8-6155] done synthesizing module 'design_1_axi_mem_intercon_0' (0#1) [d:/yolov5s_conv/yolov5s_conv.gen/sources_1/bd/design_1/synth/design_1.v:1409]
INFO: [Synth 8-6157] synthesizing module 'design_1_conv2d_layer_0_0' [D:/yolov5s_conv/yolov5s_conv.runs/synth_1/.Xil/Vivado-28660-Pranav_J/realtime/design_1_conv2d_layer_0_0_stub.v:6]
INFO: [Synth 8-6155] done synthesizing module 'design_1_conv2d_layer_0_0' (0#1) [D:/yolov5s_conv/yolov5s_conv.runs/synth_1/.Xil/Vivado-28660-Pranav_J/realtime/design_1_conv2d_layer_0_0_stub.v:6]
WARNING: [Synth 8-7071] port 'interrupt' of module 'design_1_conv2d_layer_0_0' is unconnected for instance 'conv2d_layer_0' [d:/yolov5s_conv/yolov5s_conv.gen/sources_1/bd/design_1/synth/design_1.v:424]
WARNING: [Synth 8-7071] port 'weights_Clk_A' of module 'design_1_conv2d_layer_0_0' is unconnected for instance 'conv2d_layer_0' [d:/yolov5s_conv/yolov5s_conv.gen/sources_1/bd/design_1/synth/design_1.v:424]
WARNING: [Synth 8-7071] port 'weights_Rst_A' of module 'design_1_conv2d_layer_0_0' is unconnected for instance 'conv2d_layer_0' [d:/yolov5s_conv/yolov5s_conv.gen/sources_1/bd/design_1/synth/design_1.v:424]
WARNING: [Synth 8-7071] port 'weights_EN_A' of module 'design_1_conv2d_layer_0_0' is unconnected for instance 'conv2d_layer_0' [d:/yolov5s_conv/yolov5s_conv.gen/sources_1/bd/design_1/synth/design_1.v:424]
WARNING: [Synth 8-7071] port 'weights_WEN_A' of module 'design_1_conv2d_layer_0_0' is unconnected for instance 'conv2d_layer_0' [d:/yolov5s_conv/yolov5s_conv.gen/sources_1/bd/design_1/synth/design_1.v:424]
WARNING: [Synth 8-7071] port 'weights_Addr_A' of module 'design_1_conv2d_layer_0_0' is unconnected for instance 'conv2d_layer_0' [d:/yolov5s_conv/yolov5s_conv.gen/sources_1/bd/design_1/synth/design_1.v:424]
WARNING: [Synth 8-7071] port 'weights_Din_A' of module 'design_1_conv2d_layer_0_0' is unconnected for instance 'conv2d_layer_0' [d:/yolov5s_conv/yolov5s_conv.gen/sources_1/bd/design_1/synth/design_1.v:424]
WARNING: [Synth 8-7071] port 'bias_Clk_A' of module 'design_1_conv2d_layer_0_0' is unconnected for instance 'conv2d_layer_0' [d:/yolov5s_conv/yolov5s_conv.gen/sources_1/bd/design_1/synth/design_1.v:424]
WARNING: [Synth 8-7071] port 'bias_Rst_A' of module 'design_1_conv2d_layer_0_0' is unconnected for instance 'conv2d_layer_0' [d:/yolov5s_conv/yolov5s_conv.gen/sources_1/bd/design_1/synth/design_1.v:424]
WARNING: [Synth 8-7071] port 'bias_EN_A' of module 'design_1_conv2d_layer_0_0' is unconnected for instance 'conv2d_layer_0' [d:/yolov5s_conv/yolov5s_conv.gen/sources_1/bd/design_1/synth/design_1.v:424]
WARNING: [Synth 8-7071] port 'bias_WEN_A' of module 'design_1_conv2d_layer_0_0' is unconnected for instance 'conv2d_layer_0' [d:/yolov5s_conv/yolov5s_conv.gen/sources_1/bd/design_1/synth/design_1.v:424]
WARNING: [Synth 8-7071] port 'bias_Addr_A' of module 'design_1_conv2d_layer_0_0' is unconnected for instance 'conv2d_layer_0' [d:/yolov5s_conv/yolov5s_conv.gen/sources_1/bd/design_1/synth/design_1.v:424]
WARNING: [Synth 8-7071] port 'bias_Din_A' of module 'design_1_conv2d_layer_0_0' is unconnected for instance 'conv2d_layer_0' [d:/yolov5s_conv/yolov5s_conv.gen/sources_1/bd/design_1/synth/design_1.v:424]
WARNING: [Synth 8-7071] port 'bias_Clk_B' of module 'design_1_conv2d_layer_0_0' is unconnected for instance 'conv2d_layer_0' [d:/yolov5s_conv/yolov5s_conv.gen/sources_1/bd/design_1/synth/design_1.v:424]
WARNING: [Synth 8-7071] port 'bias_Rst_B' of module 'design_1_conv2d_layer_0_0' is unconnected for instance 'conv2d_layer_0' [d:/yolov5s_conv/yolov5s_conv.gen/sources_1/bd/design_1/synth/design_1.v:424]
WARNING: [Synth 8-7071] port 'bias_EN_B' of module 'design_1_conv2d_layer_0_0' is unconnected for instance 'conv2d_layer_0' [d:/yolov5s_conv/yolov5s_conv.gen/sources_1/bd/design_1/synth/design_1.v:424]
WARNING: [Synth 8-7071] port 'bias_WEN_B' of module 'design_1_conv2d_layer_0_0' is unconnected for instance 'conv2d_layer_0' [d:/yolov5s_conv/yolov5s_conv.gen/sources_1/bd/design_1/synth/design_1.v:424]
WARNING: [Synth 8-7071] port 'bias_Addr_B' of module 'design_1_conv2d_layer_0_0' is unconnected for instance 'conv2d_layer_0' [d:/yolov5s_conv/yolov5s_conv.gen/sources_1/bd/design_1/synth/design_1.v:424]
WARNING: [Synth 8-7071] port 'bias_Din_B' of module 'design_1_conv2d_layer_0_0' is unconnected for instance 'conv2d_layer_0' [d:/yolov5s_conv/yolov5s_conv.gen/sources_1/bd/design_1/synth/design_1.v:424]
WARNING: [Synth 8-7023] instance 'conv2d_layer_0' of module 'design_1_conv2d_layer_0_0' has 47 connections declared, but only 28 given [d:/yolov5s_conv/yolov5s_conv.gen/sources_1/bd/design_1/synth/design_1.v:424]
INFO: [Synth 8-6157] synthesizing module 'design_1_conv_in_0' [D:/yolov5s_conv/yolov5s_conv.runs/synth_1/.Xil/Vivado-28660-Pranav_J/realtime/design_1_conv_in_0_stub.v:6]
INFO: [Synth 8-6155] done synthesizing module 'design_1_conv_in_0' (0#1) [D:/yolov5s_conv/yolov5s_conv.runs/synth_1/.Xil/Vivado-28660-Pranav_J/realtime/design_1_conv_in_0_stub.v:6]
WARNING: [Synth 8-7071] port 'm_axis_tkeep' of module 'design_1_conv_in_0' is unconnected for instance 'conv_in' [d:/yolov5s_conv/yolov5s_conv.gen/sources_1/bd/design_1/synth/design_1.v:453]
WARNING: [Synth 8-7071] port 'm_axis_tlast' of module 'design_1_conv_in_0' is unconnected for instance 'conv_in' [d:/yolov5s_conv/yolov5s_conv.gen/sources_1/bd/design_1/synth/design_1.v:453]
WARNING: [Synth 8-7023] instance 'conv_in' of module 'design_1_conv_in_0' has 12 connections declared, but only 10 given [d:/yolov5s_conv/yolov5s_conv.gen/sources_1/bd/design_1/synth/design_1.v:453]
INFO: [Synth 8-6157] synthesizing module 'design_1_conv_out_0' [D:/yolov5s_conv/yolov5s_conv.runs/synth_1/.Xil/Vivado-28660-Pranav_J/realtime/design_1_conv_out_0_stub.v:6]
INFO: [Synth 8-6155] done synthesizing module 'design_1_conv_out_0' (0#1) [D:/yolov5s_conv/yolov5s_conv.runs/synth_1/.Xil/Vivado-28660-Pranav_J/realtime/design_1_conv_out_0_stub.v:6]
INFO: [Synth 8-6157] synthesizing module 'design_1_processing_system7_0_0' [D:/yolov5s_conv/yolov5s_conv.runs/synth_1/.Xil/Vivado-28660-Pranav_J/realtime/design_1_processing_system7_0_0_stub.v:6]
INFO: [Synth 8-6155] done synthesizing module 'design_1_processing_system7_0_0' (0#1) [D:/yolov5s_conv/yolov5s_conv.runs/synth_1/.Xil/Vivado-28660-Pranav_J/realtime/design_1_processing_system7_0_0_stub.v:6]
WARNING: [Synth 8-7071] port 'USB0_PORT_INDCTL' of module 'design_1_processing_system7_0_0' is unconnected for instance 'processing_system7_0' [d:/yolov5s_conv/yolov5s_conv.gen/sources_1/bd/design_1/synth/design_1.v:477]
WARNING: [Synth 8-7071] port 'USB0_VBUS_PWRSELECT' of module 'design_1_processing_system7_0_0' is unconnected for instance 'processing_system7_0' [d:/yolov5s_conv/yolov5s_conv.gen/sources_1/bd/design_1/synth/design_1.v:477]
WARNING: [Synth 8-7071] port 'S_AXI_HP0_RCOUNT' of module 'design_1_processing_system7_0_0' is unconnected for instance 'processing_system7_0' [d:/yolov5s_conv/yolov5s_conv.gen/sources_1/bd/design_1/synth/design_1.v:477]
WARNING: [Synth 8-7071] port 'S_AXI_HP0_WCOUNT' of module 'design_1_processing_system7_0_0' is unconnected for instance 'processing_system7_0' [d:/yolov5s_conv/yolov5s_conv.gen/sources_1/bd/design_1/synth/design_1.v:477]
WARNING: [Synth 8-7071] port 'S_AXI_HP0_RACOUNT' of module 'design_1_processing_system7_0_0' is unconnected for instance 'processing_system7_0' [d:/yolov5s_conv/yolov5s_conv.gen/sources_1/bd/design_1/synth/design_1.v:477]
WARNING: [Synth 8-7071] port 'S_AXI_HP0_WACOUNT' of module 'design_1_processing_system7_0_0' is unconnected for instance 'processing_system7_0' [d:/yolov5s_conv/yolov5s_conv.gen/sources_1/bd/design_1/synth/design_1.v:477]
WARNING: [Synth 8-7071] port 'FCLK_CLK1' of module 'design_1_processing_system7_0_0' is unconnected for instance 'processing_system7_0' [d:/yolov5s_conv/yolov5s_conv.gen/sources_1/bd/design_1/synth/design_1.v:477]
WARNING: [Synth 8-7023] instance 'processing_system7_0' of module 'design_1_processing_system7_0_0' has 112 connections declared, but only 105 given [d:/yolov5s_conv/yolov5s_conv.gen/sources_1/bd/design_1/synth/design_1.v:477]
INFO: [Synth 8-6157] synthesizing module 'design_1_ps7_0_axi_periph_0' [d:/yolov5s_conv/yolov5s_conv.gen/sources_1/bd/design_1/synth/design_1.v:1940]
INFO: [Synth 8-6157] synthesizing module 'm00_couplers_imp_15SPJYW' [d:/yolov5s_conv/yolov5s_conv.gen/sources_1/bd/design_1/synth/design_1.v:2533]
INFO: [Synth 8-6155] done synthesizing module 'm00_couplers_imp_15SPJYW' (0#1) [d:/yolov5s_conv/yolov5s_conv.gen/sources_1/bd/design_1/synth/design_1.v:2533]
INFO: [Synth 8-6157] synthesizing module 'm01_couplers_imp_XU9C55' [d:/yolov5s_conv/yolov5s_conv.gen/sources_1/bd/design_1/synth/design_1.v:3420]
INFO: [Synth 8-6155] done synthesizing module 'm01_couplers_imp_XU9C55' (0#1) [d:/yolov5s_conv/yolov5s_conv.gen/sources_1/bd/design_1/synth/design_1.v:3420]
INFO: [Synth 8-6157] synthesizing module 'm02_couplers_imp_14WQB4R' [d:/yolov5s_conv/yolov5s_conv.gen/sources_1/bd/design_1/synth/design_1.v:3529]
INFO: [Synth 8-6155] done synthesizing module 'm02_couplers_imp_14WQB4R' (0#1) [d:/yolov5s_conv/yolov5s_conv.gen/sources_1/bd/design_1/synth/design_1.v:3529]
INFO: [Synth 8-6157] synthesizing module 's00_couplers_imp_UYSKKA' [d:/yolov5s_conv/yolov5s_conv.gen/sources_1/bd/design_1/synth/design_1.v:4000]
INFO: [Synth 8-6157] synthesizing module 'design_1_ps7_0_axi_periph_imp_auto_pc_0' [D:/yolov5s_conv/yolov5s_conv.runs/synth_1/.Xil/Vivado-28660-Pranav_J/realtime/design_1_ps7_0_axi_periph_imp_auto_pc_0_stub.v:6]
INFO: [Synth 8-6155] done synthesizing module 'design_1_ps7_0_axi_periph_imp_auto_pc_0' (0#1) [D:/yolov5s_conv/yolov5s_conv.runs/synth_1/.Xil/Vivado-28660-Pranav_J/realtime/design_1_ps7_0_axi_periph_imp_auto_pc_0_stub.v:6]
INFO: [Synth 8-6155] done synthesizing module 's00_couplers_imp_UYSKKA' (0#1) [d:/yolov5s_conv/yolov5s_conv.gen/sources_1/bd/design_1/synth/design_1.v:4000]
INFO: [Synth 8-6157] synthesizing module 'design_1_ps7_0_axi_periph_upgraded_ipi_imp_xbar_0' [D:/yolov5s_conv/yolov5s_conv.runs/synth_1/.Xil/Vivado-28660-Pranav_J/realtime/design_1_ps7_0_axi_periph_upgraded_ipi_imp_xbar_0_stub.v:6]
INFO: [Synth 8-6155] done synthesizing module 'design_1_ps7_0_axi_periph_upgraded_ipi_imp_xbar_0' (0#1) [D:/yolov5s_conv/yolov5s_conv.runs/synth_1/.Xil/Vivado-28660-Pranav_J/realtime/design_1_ps7_0_axi_periph_upgraded_ipi_imp_xbar_0_stub.v:6]
INFO: [Synth 8-6155] done synthesizing module 'design_1_ps7_0_axi_periph_0' (0#1) [d:/yolov5s_conv/yolov5s_conv.gen/sources_1/bd/design_1/synth/design_1.v:1940]
WARNING: [Synth 8-7071] port 'M02_AXI_araddr' of module 'design_1_ps7_0_axi_periph_0' is unconnected for instance 'ps7_0_axi_periph' [d:/yolov5s_conv/yolov5s_conv.gen/sources_1/bd/design_1/synth/design_1.v:583]
WARNING: [Synth 8-7071] port 'M02_AXI_arprot' of module 'design_1_ps7_0_axi_periph_0' is unconnected for instance 'ps7_0_axi_periph' [d:/yolov5s_conv/yolov5s_conv.gen/sources_1/bd/design_1/synth/design_1.v:583]
INFO: [Common 17-14] Message 'Synth 8-7071' appears 100 times and further instances of the messages will be disabled. Use the Tcl command set_msg_config to change the current settings.
WARNING: [Synth 8-7023] instance 'ps7_0_axi_periph' of module 'design_1_ps7_0_axi_periph_0' has 100 connections declared, but only 89 given [d:/yolov5s_conv/yolov5s_conv.gen/sources_1/bd/design_1/synth/design_1.v:583]
INFO: [Synth 8-6157] synthesizing module 'design_1_rst_ps7_0_100M_0' [D:/yolov5s_conv/yolov5s_conv.runs/synth_1/.Xil/Vivado-28660-Pranav_J/realtime/design_1_rst_ps7_0_100M_0_stub.v:6]
INFO: [Synth 8-6155] done synthesizing module 'design_1_rst_ps7_0_100M_0' (0#1) [D:/yolov5s_conv/yolov5s_conv.runs/synth_1/.Xil/Vivado-28660-Pranav_J/realtime/design_1_rst_ps7_0_100M_0_stub.v:6]
WARNING: [Synth 8-7023] instance 'rst_ps7_0_100M' of module 'design_1_rst_ps7_0_100M_0' has 10 connections declared, but only 6 given [d:/yolov5s_conv/yolov5s_conv.gen/sources_1/bd/design_1/synth/design_1.v:673]
INFO: [Synth 8-6155] done synthesizing module 'design_1' (0#1) [d:/yolov5s_conv/yolov5s_conv.gen/sources_1/bd/design_1/synth/design_1.v:13]
INFO: [Synth 8-6155] done synthesizing module 'design_1_wrapper' (0#1) [D:/yolov5s_conv/yolov5s_conv.gen/sources_1/bd/design_1/hdl/design_1_wrapper.v:13]
WARNING: [Synth 8-7129] Port M_ACLK in module s00_couplers_imp_UYSKKA is either unconnected or has no load
WARNING: [Synth 8-7129] Port M_ARESETN in module s00_couplers_imp_UYSKKA is either unconnected or has no load
WARNING: [Synth 8-7129] Port M_ACLK in module m02_couplers_imp_14WQB4R is either unconnected or has no load
WARNING: [Synth 8-7129] Port M_ARESETN in module m02_couplers_imp_14WQB4R is either unconnected or has no load
WARNING: [Synth 8-7129] Port S_ACLK in module m02_couplers_imp_14WQB4R is either unconnected or has no load
WARNING: [Synth 8-7129] Port S_ARESETN in module m02_couplers_imp_14WQB4R is either unconnected or has no load
WARNING: [Synth 8-7129] Port M_ACLK in module m01_couplers_imp_XU9C55 is either unconnected or has no load
WARNING: [Synth 8-7129] Port M_ARESETN in module m01_couplers_imp_XU9C55 is either unconnected or has no load
WARNING: [Synth 8-7129] Port S_ACLK in module m01_couplers_imp_XU9C55 is either unconnected or has no load
WARNING: [Synth 8-7129] Port S_ARESETN in module m01_couplers_imp_XU9C55 is either unconnected or has no load
WARNING: [Synth 8-7129] Port M_ACLK in module m00_couplers_imp_15SPJYW is either unconnected or has no load
WARNING: [Synth 8-7129] Port M_ARESETN in module m00_couplers_imp_15SPJYW is either unconnected or has no load
WARNING: [Synth 8-7129] Port S_ACLK in module m00_couplers_imp_15SPJYW is either unconnected or has no load
WARNING: [Synth 8-7129] Port S_ARESETN in module m00_couplers_imp_15SPJYW is either unconnected or has no load
WARNING: [Synth 8-7129] Port M00_ACLK in module design_1_ps7_0_axi_periph_0 is either unconnected or has no load
WARNING: [Synth 8-7129] Port M00_ARESETN in module design_1_ps7_0_axi_periph_0 is either unconnected or has no load
WARNING: [Synth 8-7129] Port M01_ACLK in module design_1_ps7_0_axi_periph_0 is either unconnected or has no load
WARNING: [Synth 8-7129] Port M01_ARESETN in module design_1_ps7_0_axi_periph_0 is either unconnected or has no load
WARNING: [Synth 8-7129] Port M02_ACLK in module design_1_ps7_0_axi_periph_0 is either unconnected or has no load
WARNING: [Synth 8-7129] Port M02_ARESETN in module design_1_ps7_0_axi_periph_0 is either unconnected or has no load
WARNING: [Synth 8-7129] Port S00_ACLK in module design_1_ps7_0_axi_periph_0 is either unconnected or has no load
WARNING: [Synth 8-7129] Port S00_ARESETN in module design_1_ps7_0_axi_periph_0 is either unconnected or has no load
WARNING: [Synth 8-7129] Port M_ACLK in module s01_couplers_imp_1W60HW0 is either unconnected or has no load
WARNING: [Synth 8-7129] Port M_ARESETN in module s01_couplers_imp_1W60HW0 is either unconnected or has no load
WARNING: [Synth 8-7129] Port M_ACLK in module s00_couplers_imp_7HNO1D is either unconnected or has no load
WARNING: [Synth 8-7129] Port M_ARESETN in module s00_couplers_imp_7HNO1D is either unconnected or has no load
WARNING: [Synth 8-7129] Port M_ACLK in module m00_couplers_imp_1R706YB is either unconnected or has no load
WARNING: [Synth 8-7129] Port M_ARESETN in module m00_couplers_imp_1R706YB is either unconnected or has no load
WARNING: [Synth 8-7129] Port M_AXI_bid[5] in module m00_couplers_imp_1R706YB is either unconnected or has no load
WARNING: [Synth 8-7129] Port M_AXI_bid[4] in module m00_couplers_imp_1R706YB is either unconnected or has no load
WARNING: [Synth 8-7129] Port M_AXI_bid[3] in module m00_couplers_imp_1R706YB is either unconnected or has no load
WARNING: [Synth 8-7129] Port M_AXI_bid[2] in module m00_couplers_imp_1R706YB is either unconnected or has no load
WARNING: [Synth 8-7129] Port M_AXI_bid[1] in module m00_couplers_imp_1R706YB is either unconnected or has no load
WARNING: [Synth 8-7129] Port M_AXI_rid[5] in module m00_couplers_imp_1R706YB is either unconnected or has no load
WARNING: [Synth 8-7129] Port M_AXI_rid[4] in module m00_couplers_imp_1R706YB is either unconnected or has no load
WARNING: [Synth 8-7129] Port M_AXI_rid[3] in module m00_couplers_imp_1R706YB is either unconnected or has no load
WARNING: [Synth 8-7129] Port M_AXI_rid[2] in module m00_couplers_imp_1R706YB is either unconnected or has no load
WARNING: [Synth 8-7129] Port M_AXI_rid[1] in module m00_couplers_imp_1R706YB is either unconnected or has no load
WARNING: [Synth 8-7129] Port M00_ACLK in module design_1_axi_mem_intercon_0 is either unconnected or has no load
WARNING: [Synth 8-7129] Port M00_ARESETN in module design_1_axi_mem_intercon_0 is either unconnected or has no load
WARNING: [Synth 8-7129] Port S00_ACLK in module design_1_axi_mem_intercon_0 is either unconnected or has no load
WARNING: [Synth 8-7129] Port S00_ARESETN in module design_1_axi_mem_intercon_0 is either unconnected or has no load
WARNING: [Synth 8-7129] Port S01_ACLK in module design_1_axi_mem_intercon_0 is either unconnected or has no load
WARNING: [Synth 8-7129] Port S01_ARESETN in module design_1_axi_mem_intercon_0 is either unconnected or has no load
WARNING: [Synth 8-7129] Port M_ACLK in module s00_couplers_imp_O7FAN0 is either unconnected or has no load
WARNING: [Synth 8-7129] Port M_ARESETN in module s00_couplers_imp_O7FAN0 is either unconnected or has no load
WARNING: [Synth 8-7129] Port S_ACLK in module s00_couplers_imp_O7FAN0 is either unconnected or has no load
WARNING: [Synth 8-7129] Port S_ARESETN in module s00_couplers_imp_O7FAN0 is either unconnected or has no load
WARNING: [Synth 8-7129] Port M_ACLK in module m01_couplers_imp_I4GRPB is either unconnected or has no load
WARNING: [Synth 8-7129] Port M_ARESETN in module m01_couplers_imp_I4GRPB is either unconnected or has no load
WARNING: [Synth 8-7129] Port S_ACLK in module m01_couplers_imp_I4GRPB is either unconnected or has no load
WARNING: [Synth 8-7129] Port S_ARESETN in module m01_couplers_imp_I4GRPB is either unconnected or has no load
WARNING: [Synth 8-7129] Port M_ACLK in module m00_couplers_imp_1CA5Z32 is either unconnected or has no load
WARNING: [Synth 8-7129] Port M_ARESETN in module m00_couplers_imp_1CA5Z32 is either unconnected or has no load
WARNING: [Synth 8-7129] Port S_ACLK in module m00_couplers_imp_1CA5Z32 is either unconnected or has no load
WARNING: [Synth 8-7129] Port S_ARESETN in module m00_couplers_imp_1CA5Z32 is either unconnected or has no load
WARNING: [Synth 8-7129] Port M00_ACLK in module design_1_axi_interconnect_0_0 is either unconnected or has no load
WARNING: [Synth 8-7129] Port M00_ARESETN in module design_1_axi_interconnect_0_0 is either unconnected or has no load
WARNING: [Synth 8-7129] Port M01_ACLK in module design_1_axi_interconnect_0_0 is either unconnected or has no load
WARNING: [Synth 8-7129] Port M01_ARESETN in module design_1_axi_interconnect_0_0 is either unconnected or has no load
WARNING: [Synth 8-7129] Port S00_ACLK in module design_1_axi_interconnect_0_0 is either unconnected or has no load
WARNING: [Synth 8-7129] Port S00_ARESETN in module design_1_axi_interconnect_0_0 is either unconnected or has no load
---------------------------------------------------------------------------------
Finished RTL Elaboration : Time (s): cpu = 00:00:05 ; elapsed = 00:00:06 . Memory (MB): peak = 1551.777 ; gain = 675.809
---------------------------------------------------------------------------------
---------------------------------------------------------------------------------
Start Handling Custom Attributes
---------------------------------------------------------------------------------
---------------------------------------------------------------------------------
Finished Handling Custom Attributes : Time (s): cpu = 00:00:05 ; elapsed = 00:00:06 . Memory (MB): peak = 1551.777 ; gain = 675.809
---------------------------------------------------------------------------------
---------------------------------------------------------------------------------
Finished RTL Optimization Phase 1 : Time (s): cpu = 00:00:05 ; elapsed = 00:00:06 . Memory (MB): peak = 1551.777 ; gain = 675.809
---------------------------------------------------------------------------------
Netlist sorting complete. Time (s): cpu = 00:00:00 ; elapsed = 00:00:00.036 . Memory (MB): peak = 1551.777 ; gain = 0.000
INFO: [Project 1-570] Preparing netlist for logic optimization

Processing XDC Constraints
Initializing timing engine
Parsing XDC File [d:/yolov5s_conv/yolov5s_conv.gen/sources_1/bd/design_1/ip/design_1_processing_system7_0_0/design_1_processing_system7_0_0/design_1_processing_system7_0_0_in_context.xdc] for cell 'design_1_i/processing_system7_0'
Finished Parsing XDC File [d:/yolov5s_conv/yolov5s_conv.gen/sources_1/bd/design_1/ip/design_1_processing_system7_0_0/design_1_processing_system7_0_0/design_1_processing_system7_0_0_in_context.xdc] for cell 'design_1_i/processing_system7_0'
Parsing XDC File [d:/yolov5s_conv/yolov5s_conv.gen/sources_1/bd/design_1/ip/design_1_conv2d_layer_0_0/design_1_conv2d_layer_0_0/design_1_conv2d_layer_0_0_in_context.xdc] for cell 'design_1_i/conv2d_layer_0'
Finished Parsing XDC File [d:/yolov5s_conv/yolov5s_conv.gen/sources_1/bd/design_1/ip/design_1_conv2d_layer_0_0/design_1_conv2d_layer_0_0/design_1_conv2d_layer_0_0_in_context.xdc] for cell 'design_1_i/conv2d_layer_0'
Parsing XDC File [d:/yolov5s_conv/yolov5s_conv.gen/sources_1/bd/design_1/ip/design_1_ps7_0_axi_periph_upgraded_ipi_imp_xbar_0/design_1_ps7_0_axi_periph_upgraded_ipi_imp_xbar_0/design_1_ps7_0_axi_periph_upgraded_ipi_imp_xbar_0_in_context.xdc] for cell 'design_1_i/ps7_0_axi_periph/xbar'
Finished Parsing XDC File [d:/yolov5s_conv/yolov5s_conv.gen/sources_1/bd/design_1/ip/design_1_ps7_0_axi_periph_upgraded_ipi_imp_xbar_0/design_1_ps7_0_axi_periph_upgraded_ipi_imp_xbar_0/design_1_ps7_0_axi_periph_upgraded_ipi_imp_xbar_0_in_context.xdc] for cell 'design_1_i/ps7_0_axi_periph/xbar'
Parsing XDC File [d:/yolov5s_conv/yolov5s_conv.gen/sources_1/bd/design_1/ip/design_1_ps7_0_axi_periph_imp_auto_pc_0/design_1_ps7_0_axi_periph_imp_auto_pc_0/design_1_ps7_0_axi_periph_imp_auto_pc_0_in_context.xdc] for cell 'design_1_i/ps7_0_axi_periph/s00_couplers/auto_pc'
Finished Parsing XDC File [d:/yolov5s_conv/yolov5s_conv.gen/sources_1/bd/design_1/ip/design_1_ps7_0_axi_periph_imp_auto_pc_0/design_1_ps7_0_axi_periph_imp_auto_pc_0/design_1_ps7_0_axi_periph_imp_auto_pc_0_in_context.xdc] for cell 'design_1_i/ps7_0_axi_periph/s00_couplers/auto_pc'
Parsing XDC File [d:/yolov5s_conv/yolov5s_conv.gen/sources_1/bd/design_1/ip/design_1_rst_ps7_0_100M_0/design_1_rst_ps7_0_100M_0/design_1_rst_ps7_0_100M_0_in_context.xdc] for cell 'design_1_i/rst_ps7_0_100M'
Finished Parsing XDC File [d:/yolov5s_conv/yolov5s_conv.gen/sources_1/bd/design_1/ip/design_1_rst_ps7_0_100M_0/design_1_rst_ps7_0_100M_0/design_1_rst_ps7_0_100M_0_in_context.xdc] for cell 'design_1_i/rst_ps7_0_100M'
Parsing XDC File [d:/yolov5s_conv/yolov5s_conv.gen/sources_1/bd/design_1/ip/design_1_axi_dma_0_0/design_1_axi_dma_0_0/design_1_axi_dma_0_0_in_context.xdc] for cell 'design_1_i/axi_dma_0'
Finished Parsing XDC File [d:/yolov5s_conv/yolov5s_conv.gen/sources_1/bd/design_1/ip/design_1_axi_dma_0_0/design_1_axi_dma_0_0/design_1_axi_dma_0_0_in_context.xdc] for cell 'design_1_i/axi_dma_0'
Parsing XDC File [d:/yolov5s_conv/yolov5s_conv.gen/sources_1/bd/design_1/ip/design_1_axi_mem_intercon_upgraded_ipi_imp_xbar_0/design_1_axi_mem_intercon_upgraded_ipi_imp_xbar_0/design_1_axi_mem_intercon_upgraded_ipi_imp_xbar_0_in_context.xdc] for cell 'design_1_i/axi_mem_intercon/xbar'
Finished Parsing XDC File [d:/yolov5s_conv/yolov5s_conv.gen/sources_1/bd/design_1/ip/design_1_axi_mem_intercon_upgraded_ipi_imp_xbar_0/design_1_axi_mem_intercon_upgraded_ipi_imp_xbar_0/design_1_axi_mem_intercon_upgraded_ipi_imp_xbar_0_in_context.xdc] for cell 'design_1_i/axi_mem_intercon/xbar'
Parsing XDC File [d:/yolov5s_conv/yolov5s_conv.gen/sources_1/bd/design_1/ip/design_1_axi_mem_intercon_imp_auto_us_0/design_1_axi_mem_intercon_imp_auto_us_0/design_1_axi_mem_intercon_imp_auto_us_0_in_context.xdc] for cell 'design_1_i/axi_mem_intercon/s00_couplers/auto_us'
Finished Parsing XDC File [d:/yolov5s_conv/yolov5s_conv.gen/sources_1/bd/design_1/ip/design_1_axi_mem_intercon_imp_auto_us_0/design_1_axi_mem_intercon_imp_auto_us_0/design_1_axi_mem_intercon_imp_auto_us_0_in_context.xdc] for cell 'design_1_i/axi_mem_intercon/s00_couplers/auto_us'
Parsing XDC File [d:/yolov5s_conv/yolov5s_conv.gen/sources_1/bd/design_1/ip/design_1_axi_mem_intercon_imp_auto_us_1/design_1_axi_mem_intercon_imp_auto_us_1/design_1_axi_mem_intercon_imp_auto_us_1_in_context.xdc] for cell 'design_1_i/axi_mem_intercon/s01_couplers/auto_us'
Finished Parsing XDC File [d:/yolov5s_conv/yolov5s_conv.gen/sources_1/bd/design_1/ip/design_1_axi_mem_intercon_imp_auto_us_1/design_1_axi_mem_intercon_imp_auto_us_1/design_1_axi_mem_intercon_imp_auto_us_1_in_context.xdc] for cell 'design_1_i/axi_mem_intercon/s01_couplers/auto_us'
Parsing XDC File [d:/yolov5s_conv/yolov5s_conv.gen/sources_1/bd/design_1/ip/design_1_axi_mem_intercon_imp_auto_pc_0/design_1_axi_mem_intercon_imp_auto_pc_0/design_1_axi_mem_intercon_imp_auto_pc_0_in_context.xdc] for cell 'design_1_i/axi_mem_intercon/m00_couplers/auto_pc'
Finished Parsing XDC File [d:/yolov5s_conv/yolov5s_conv.gen/sources_1/bd/design_1/ip/design_1_axi_mem_intercon_imp_auto_pc_0/design_1_axi_mem_intercon_imp_auto_pc_0/design_1_axi_mem_intercon_imp_auto_pc_0_in_context.xdc] for cell 'design_1_i/axi_mem_intercon/m00_couplers/auto_pc'
Parsing XDC File [d:/yolov5s_conv/yolov5s_conv.gen/sources_1/bd/design_1/ip/design_1_conv_in_0/design_1_conv_in_0/design_1_conv_in_0_in_context.xdc] for cell 'design_1_i/conv_in'
Finished Parsing XDC File [d:/yolov5s_conv/yolov5s_conv.gen/sources_1/bd/design_1/ip/design_1_conv_in_0/design_1_conv_in_0/design_1_conv_in_0_in_context.xdc] for cell 'design_1_i/conv_in'
Parsing XDC File [d:/yolov5s_conv/yolov5s_conv.gen/sources_1/bd/design_1/ip/design_1_conv_out_0/design_1_conv_out_0/design_1_conv_out_0_in_context.xdc] for cell 'design_1_i/conv_out'
Finished Parsing XDC File [d:/yolov5s_conv/yolov5s_conv.gen/sources_1/bd/design_1/ip/design_1_conv_out_0/design_1_conv_out_0/design_1_conv_out_0_in_context.xdc] for cell 'design_1_i/conv_out'
Parsing XDC File [d:/yolov5s_conv/yolov5s_conv.gen/sources_1/bd/design_1/ip/design_1_axi_interconnect_0_imp_xbar_0/design_1_axi_interconnect_0_imp_xbar_0/design_1_axi_interconnect_0_imp_xbar_0_in_context.xdc] for cell 'design_1_i/axi_interconnect_0/xbar'
Finished Parsing XDC File [d:/yolov5s_conv/yolov5s_conv.gen/sources_1/bd/design_1/ip/design_1_axi_interconnect_0_imp_xbar_0/design_1_axi_interconnect_0_imp_xbar_0/design_1_axi_interconnect_0_imp_xbar_0_in_context.xdc] for cell 'design_1_i/axi_interconnect_0/xbar'
Parsing XDC File [D:/yolov5s_conv/yolov5s_conv.runs/synth_1/dont_touch.xdc]
Finished Parsing XDC File [D:/yolov5s_conv/yolov5s_conv.runs/synth_1/dont_touch.xdc]
Completed Processing XDC Constraints

Netlist sorting complete. Time (s): cpu = 00:00:00 ; elapsed = 00:00:00 . Memory (MB): peak = 1551.777 ; gain = 0.000
INFO: [Project 1-111] Unisim Transformation Summary:
No Unisim elements were transformed.

Constraint Validation Runtime : Time (s): cpu = 00:00:00 ; elapsed = 00:00:00.014 . Memory (MB): peak = 1551.777 ; gain = 0.000
INFO: [Designutils 20-5440] No compile time benefit to using incremental synthesis; A full resynthesis will be run
INFO: [Designutils 20-4379] Flow is switching to default flow due to incremental criteria not met. If you would like to alter this behaviour and have the flow terminate instead, please set the following parameter config_implementation {autoIncr.Synth.RejectBehavior Terminate}
---------------------------------------------------------------------------------
Finished Constraint Validation : Time (s): cpu = 00:00:12 ; elapsed = 00:00:13 . Memory (MB): peak = 1551.777 ; gain = 675.809
---------------------------------------------------------------------------------
---------------------------------------------------------------------------------
Start Loading Part and Timing Information
---------------------------------------------------------------------------------
Loading part: xc7z020clg400-1
---------------------------------------------------------------------------------
Finished Loading Part and Timing Information : Time (s): cpu = 00:00:12 ; elapsed = 00:00:13 . Memory (MB): peak = 1551.777 ; gain = 675.809
---------------------------------------------------------------------------------
---------------------------------------------------------------------------------
Start Applying 'set_property' XDC Constraints
---------------------------------------------------------------------------------
---------------------------------------------------------------------------------
Finished applying 'set_property' XDC Constraints : Time (s): cpu = 00:00:12 ; elapsed = 00:00:13 . Memory (MB): peak = 1551.777 ; gain = 675.809
---------------------------------------------------------------------------------
---------------------------------------------------------------------------------
Finished RTL Optimization Phase 2 : Time (s): cpu = 00:00:13 ; elapsed = 00:00:13 . Memory (MB): peak = 1551.777 ; gain = 675.809
---------------------------------------------------------------------------------
---------------------------------------------------------------------------------
Start RTL Component Statistics 
---------------------------------------------------------------------------------
Detailed RTL Component Info : 
---------------------------------------------------------------------------------
Finished RTL Component Statistics 
---------------------------------------------------------------------------------
---------------------------------------------------------------------------------
Start Part Resource Summary
---------------------------------------------------------------------------------
Part Resources:
DSPs: 220 (col length:60)
BRAMs: 280 (col length: RAMB18 60 RAMB36 30)
---------------------------------------------------------------------------------
Finished Part Resource Summary
---------------------------------------------------------------------------------
---------------------------------------------------------------------------------
Start Cross Boundary and Area Optimization
---------------------------------------------------------------------------------
WARNING: [Synth 8-7129] Port M00_ACLK in module design_1_ps7_0_axi_periph_0 is either unconnected or has no load
WARNING: [Synth 8-7129] Port M00_ARESETN in module design_1_ps7_0_axi_periph_0 is either unconnected or has no load
WARNING: [Synth 8-7129] Port M01_ACLK in module design_1_ps7_0_axi_periph_0 is either unconnected or has no load
WARNING: [Synth 8-7129] Port M01_ARESETN in module design_1_ps7_0_axi_periph_0 is either unconnected or has no load
WARNING: [Synth 8-7129] Port M02_ACLK in module design_1_ps7_0_axi_periph_0 is either unconnected or has no load
WARNING: [Synth 8-7129] Port M02_ARESETN in module design_1_ps7_0_axi_periph_0 is either unconnected or has no load
WARNING: [Synth 8-7129] Port S00_ACLK in module design_1_ps7_0_axi_periph_0 is either unconnected or has no load
WARNING: [Synth 8-7129] Port S00_ARESETN in module design_1_ps7_0_axi_periph_0 is either unconnected or has no load
WARNING: [Synth 8-7129] Port M00_ACLK in module design_1_axi_mem_intercon_0 is either unconnected or has no load
WARNING: [Synth 8-7129] Port M00_ARESETN in module design_1_axi_mem_intercon_0 is either unconnected or has no load
WARNING: [Synth 8-7129] Port M00_AXI_bid[5] in module design_1_axi_mem_intercon_0 is either unconnected or has no load
WARNING: [Synth 8-7129] Port M00_AXI_bid[4] in module design_1_axi_mem_intercon_0 is either unconnected or has no load
WARNING: [Synth 8-7129] Port M00_AXI_bid[3] in module design_1_axi_mem_intercon_0 is either unconnected or has no load
WARNING: [Synth 8-7129] Port M00_AXI_bid[2] in module design_1_axi_mem_intercon_0 is either unconnected or has no load
WARNING: [Synth 8-7129] Port M00_AXI_bid[1] in module design_1_axi_mem_intercon_0 is either unconnected or has no load
WARNING: [Synth 8-7129] Port M00_AXI_rid[5] in module design_1_axi_mem_intercon_0 is either unconnected or has no load
WARNING: [Synth 8-7129] Port M00_AXI_rid[4] in module design_1_axi_mem_intercon_0 is either unconnected or has no load
WARNING: [Synth 8-7129] Port M00_AXI_rid[3] in module design_1_axi_mem_intercon_0 is either unconnected or has no load
WARNING: [Synth 8-7129] Port M00_AXI_rid[2] in module design_1_axi_mem_intercon_0 is either unconnected or has no load
WARNING: [Synth 8-7129] Port M00_AXI_rid[1] in module design_1_axi_mem_intercon_0 is either unconnected or has no load
WARNING: [Synth 8-7129] Port S00_ACLK in module design_1_axi_mem_intercon_0 is either unconnected or has no load
WARNING: [Synth 8-7129] Port S00_ARESETN in module design_1_axi_mem_intercon_0 is either unconnected or has no load
WARNING: [Synth 8-7129] Port S01_ACLK in module design_1_axi_mem_intercon_0 is either unconnected or has no load
WARNING: [Synth 8-7129] Port S01_ARESETN in module design_1_axi_mem_intercon_0 is either unconnected or has no load
WARNING: [Synth 8-7129] Port M00_ACLK in module design_1_axi_interconnect_0_0 is either unconnected or has no load
WARNING: [Synth 8-7129] Port M00_ARESETN in module design_1_axi_interconnect_0_0 is either unconnected or has no load
WARNING: [Synth 8-7129] Port M01_ACLK in module design_1_axi_interconnect_0_0 is either unconnected or has no load
WARNING: [Synth 8-7129] Port M01_ARESETN in module design_1_axi_interconnect_0_0 is either unconnected or has no load
WARNING: [Synth 8-7129] Port S00_ACLK in module design_1_axi_interconnect_0_0 is either unconnected or has no load
WARNING: [Synth 8-7129] Port S00_ARESETN in module design_1_axi_interconnect_0_0 is either unconnected or has no load
---------------------------------------------------------------------------------
Finished Cross Boundary and Area Optimization : Time (s): cpu = 00:00:14 ; elapsed = 00:00:15 . Memory (MB): peak = 1551.777 ; gain = 675.809
---------------------------------------------------------------------------------
---------------------------------------------------------------------------------
Start Applying XDC Timing Constraints
---------------------------------------------------------------------------------
---------------------------------------------------------------------------------
Finished Applying XDC Timing Constraints : Time (s): cpu = 00:00:19 ; elapsed = 00:00:20 . Memory (MB): peak = 1720.590 ; gain = 844.621
---------------------------------------------------------------------------------
---------------------------------------------------------------------------------
Start Timing Optimization
---------------------------------------------------------------------------------
---------------------------------------------------------------------------------
Finished Timing Optimization : Time (s): cpu = 00:00:19 ; elapsed = 00:00:20 . Memory (MB): peak = 1721.734 ; gain = 845.766
---------------------------------------------------------------------------------
---------------------------------------------------------------------------------
Start Technology Mapping
---------------------------------------------------------------------------------
---------------------------------------------------------------------------------
Finished Technology Mapping : Time (s): cpu = 00:00:19 ; elapsed = 00:00:20 . Memory (MB): peak = 1732.039 ; gain = 856.070
---------------------------------------------------------------------------------
---------------------------------------------------------------------------------
Start IO Insertion
---------------------------------------------------------------------------------
---------------------------------------------------------------------------------
Start Flattening Before IO Insertion
---------------------------------------------------------------------------------
---------------------------------------------------------------------------------
Finished Flattening Before IO Insertion
---------------------------------------------------------------------------------
---------------------------------------------------------------------------------
Start Final Netlist Cleanup
---------------------------------------------------------------------------------
---------------------------------------------------------------------------------
Finished Final Netlist Cleanup
---------------------------------------------------------------------------------
---------------------------------------------------------------------------------
Finished IO Insertion : Time (s): cpu = 00:00:22 ; elapsed = 00:00:23 . Memory (MB): peak = 1980.309 ; gain = 1104.340
---------------------------------------------------------------------------------
---------------------------------------------------------------------------------
Start Renaming Generated Instances
---------------------------------------------------------------------------------
---------------------------------------------------------------------------------
Finished Renaming Generated Instances : Time (s): cpu = 00:00:22 ; elapsed = 00:00:23 . Memory (MB): peak = 1980.309 ; gain = 1104.340
---------------------------------------------------------------------------------
---------------------------------------------------------------------------------
Start Rebuilding User Hierarchy
---------------------------------------------------------------------------------
---------------------------------------------------------------------------------
Finished Rebuilding User Hierarchy : Time (s): cpu = 00:00:22 ; elapsed = 00:00:23 . Memory (MB): peak = 1980.309 ; gain = 1104.340
---------------------------------------------------------------------------------
---------------------------------------------------------------------------------
Start Renaming Generated Ports
---------------------------------------------------------------------------------
---------------------------------------------------------------------------------
Finished Renaming Generated Ports : Time (s): cpu = 00:00:22 ; elapsed = 00:00:23 . Memory (MB): peak = 1980.309 ; gain = 1104.340
---------------------------------------------------------------------------------
---------------------------------------------------------------------------------
Start Handling Custom Attributes
---------------------------------------------------------------------------------
---------------------------------------------------------------------------------
Finished Handling Custom Attributes : Time (s): cpu = 00:00:22 ; elapsed = 00:00:23 . Memory (MB): peak = 1980.309 ; gain = 1104.340
---------------------------------------------------------------------------------
---------------------------------------------------------------------------------
Start Renaming Generated Nets
---------------------------------------------------------------------------------
---------------------------------------------------------------------------------
Finished Renaming Generated Nets : Time (s): cpu = 00:00:22 ; elapsed = 00:00:23 . Memory (MB): peak = 1980.309 ; gain = 1104.340
---------------------------------------------------------------------------------
---------------------------------------------------------------------------------
Start Writing Synthesis Report
---------------------------------------------------------------------------------

Report BlackBoxes: 
+------+--------------------------------------------------+----------+
|      |BlackBox name                                     |Instances |
+------+--------------------------------------------------+----------+
|1     |design_1_axi_dma_0_0                              |         1|
|2     |design_1_axi_interconnect_0_imp_xbar_0            |         1|
|3     |design_1_axi_mem_intercon_upgraded_ipi_imp_xbar_0 |         1|
|4     |design_1_axi_mem_intercon_imp_auto_pc_0           |         1|
|5     |design_1_axi_mem_intercon_imp_auto_us_0           |         1|
|6     |design_1_axi_mem_intercon_imp_auto_us_1           |         1|
|7     |design_1_conv2d_layer_0_0                         |         1|
|8     |design_1_conv_in_0                                |         1|
|9     |design_1_conv_out_0                               |         1|
|10    |design_1_processing_system7_0_0                   |         1|
|11    |design_1_ps7_0_axi_periph_upgraded_ipi_imp_xbar_0 |         1|
|12    |design_1_ps7_0_axi_periph_imp_auto_pc_0           |         1|
|13    |design_1_rst_ps7_0_100M_0                         |         1|
+------+--------------------------------------------------+----------+

Report Cell Usage: 
+------+------------------------------------------------+------+
|      |Cell                                            |Count |
+------+------------------------------------------------+------+
|1     |design_1_axi_dma_0                              |     1|
|2     |design_1_axi_interconnect_0_imp_xbar            |     1|
|3     |design_1_axi_mem_intercon_imp_auto_pc           |     1|
|4     |design_1_axi_mem_intercon_imp_auto_us           |     2|
|6     |design_1_axi_mem_intercon_upgraded_ipi_imp_xbar |     1|
|7     |design_1_conv2d_layer_0                         |     1|
|8     |design_1_conv_in                                |     1|
|9     |design_1_conv_out                               |     1|
|10    |design_1_processing_system7_0                   |     1|
|11    |design_1_ps7_0_axi_periph_imp_auto_pc           |     1|
|12    |design_1_ps7_0_axi_periph_upgraded_ipi_imp_xbar |     1|
|13    |design_1_rst_ps7_0_100M                         |     1|
+------+------------------------------------------------+------+
---------------------------------------------------------------------------------
Finished Writing Synthesis Report : Time (s): cpu = 00:00:22 ; elapsed = 00:00:23 . Memory (MB): peak = 1980.309 ; gain = 1104.340
---------------------------------------------------------------------------------
Synthesis finished with 0 errors, 0 critical warnings and 30 warnings.
Synthesis Optimization Runtime : Time (s): cpu = 00:00:15 ; elapsed = 00:00:21 . Memory (MB): peak = 1980.309 ; gain = 1104.340
Synthesis Optimization Complete : Time (s): cpu = 00:00:22 ; elapsed = 00:00:23 . Memory (MB): peak = 1980.309 ; gain = 1104.340
INFO: [Project 1-571] Translating synthesized netlist
Netlist sorting complete. Time (s): cpu = 00:00:00 ; elapsed = 00:00:00.031 . Memory (MB): peak = 1980.309 ; gain = 0.000
INFO: [Project 1-570] Preparing netlist for logic optimization
INFO: [Opt 31-138] Pushed 0 inverter(s) to 0 load pin(s).
Netlist sorting complete. Time (s): cpu = 00:00:00 ; elapsed = 00:00:00 . Memory (MB): peak = 1993.086 ; gain = 0.000
INFO: [Project 1-111] Unisim Transformation Summary:
No Unisim elements were transformed.

Synth Design complete | Checksum: d69f7b80
INFO: [Common 17-83] Releasing license: Synthesis
78 Infos, 208 Warnings, 0 Critical Warnings and 0 Errors encountered.
synth_design completed successfully
synth_design: Time (s): cpu = 00:00:26 ; elapsed = 00:00:30 . Memory (MB): peak = 1997.070 ; gain = 1352.336
INFO: [Common 17-1381] The checkpoint 'D:/yolov5s_conv/yolov5s_conv.runs/synth_1/design_1_wrapper.dcp' has been generated.
INFO: [Vivado 12-24828] Executing command : report_utilization -file design_1_wrapper_utilization_synth.rpt -pb design_1_wrapper_utilization_synth.pb
INFO: [Common 17-206] Exiting Vivado at Fri Feb 20 15:27:45 2026...
